<?xml version="1.0" encoding="UTF-8"?>
<!-- Generated by org.testng.reporters.JUnitXMLReporter -->
<testsuite ignored="212" hostname="DESKTOP-5OD0AA6" failures="6" tests="33" name="groupTest" time="256.74" errors="0" timestamp="2024-11-05T18:31:49 CET">
  <testcase classname="testCases.TC_219_WalidacjaZakładkiEdytujInformacjeKontaTDD_MainAccountPage" name="WalidacjaZakładkiEdytujInformacjeKontaTDD_MainAccountPage" time="7.491"/>
  <testcase classname="testCases.TC_219_WalidacjaZakładkiEdytujInformacjeKontaTDD_MainAccountPage" name="WalidacjaZakładkiEdytujInformacjeKontaTDD_MainAccountPage" time="2.717"/>
  <testcase classname="testCases.TC_219_WalidacjaZakładkiEdytujInformacjeKontaTDD_MainAccountPage" name="WalidacjaZakładkiEdytujInformacjeKontaTDD_MainAccountPage" time="3.231"/>
  <testcase classname="testCases.TC_219_WalidacjaZakładkiEdytujInformacjeKontaTDD_MainAccountPage" name="WalidacjaZakładkiEdytujInformacjeKontaTDD_MainAccountPage" time="2.673"/>
  <testcase classname="testCases.TC_219_WalidacjaZakładkiEdytujInformacjeKontaTDD_MainAccountPage" name="WalidacjaZakładkiEdytujInformacjeKontaTDD_MainAccountPage" time="2.628"/>
  <testcase classname="testCases.TC_219_WalidacjaZakładkiEdytujInformacjeKontaTDD_MainAccountPage" name="WalidacjaZakładkiEdytujInformacjeKontaTDD_MainAccountPage" time="2.594"/>
  <testcase classname="testCases.TC_219_WalidacjaZakładkiEdytujInformacjeKontaTDD_MainAccountPage" name="WalidacjaZakładkiEdytujInformacjeKontaTDD_MainAccountPage" time="2.699"/>
  <testcase classname="testCases.TC_219_WalidacjaZakładkiEdytujInformacjeKontaTDD_MainAccountPage" name="WalidacjaZakładkiEdytujInformacjeKontaTDD_MainAccountPage" time="7.097"/>
  <testcase classname="testCases.TC_219_WalidacjaZakładkiEdytujInformacjeKontaTDD_MainAccountPage" name="WalidacjaZakładkiEdytujInformacjeKontaTDD_MainAccountPage" time="7.102"/>
  <testcase classname="testCases.TC_219_WalidacjaZakładkiEdytujInformacjeKontaTDD_MainAccountPage" name="WalidacjaZakładkiEdytujInformacjeKontaTDD_MainAccountPage" time="7.079"/>
  <testcase classname="testCases.TC_219_WalidacjaZakładkiEdytujInformacjeKontaTDD_MainAccountPage" name="WalidacjaZakładkiEdytujInformacjeKontaTDD_MainAccountPage" time="7.087"/>
  <testcase classname="testCases.TC_219_WalidacjaZakładkiEdytujInformacjeKontaTDD_MainAccountPage" name="WalidacjaZakładkiEdytujInformacjeKontaTDD_MainAccountPage" time="7.225"/>
  <testcase classname="testCases.TC_219_WalidacjaZakładkiEdytujInformacjeKontaTDD_MainAccountPage" name="WalidacjaZakładkiEdytujInformacjeKontaTDD_MainAccountPage" time="7.277"/>
  <testcase classname="testCases.TC_219_WalidacjaZakładkiEdytujInformacjeKontaTDD_MainAccountPage" name="WalidacjaZakładkiEdytujInformacjeKontaTDD_MainAccountPage" time="7.106"/>
  <testcase classname="testCases.TC_219_WalidacjaZakładkiEdytujInformacjeKontaTDD_MainAccountPage" name="WalidacjaZakładkiEdytujInformacjeKontaTDD_MainAccountPage" time="7.103"/>
  <testcase classname="testCases.TC_219_WalidacjaZakładkiEdytujInformacjeKontaTDD_MainAccountPage" name="WalidacjaZakładkiEdytujInformacjeKontaTDD_MainAccountPage" time="7.084"/>
  <testcase classname="testCases.TC_219_WalidacjaZakładkiEdytujInformacjeKontaTDD_MainAccountPage" name="WalidacjaZakładkiEdytujInformacjeKontaTDD_MainAccountPage" time="7.082"/>
  <testcase classname="testCases.TC_219_WalidacjaZakładkiEdytujInformacjeKontaTDD_MainAccountPage" name="WalidacjaZakładkiEdytujInformacjeKontaTDD_MainAccountPage" time="7.108"/>
  <testcase classname="testCases.TC_219_WalidacjaZakładkiEdytujInformacjeKontaTDD_MainAccountPage" name="WalidacjaZakładkiEdytujInformacjeKontaTDD_MainAccountPage" time="6.78">
    <failure type="java.lang.AssertionError" message="null">
      <![CDATA[java.lang.AssertionError: null
at testCases.TC_219_WalidacjaZakładkiEdytujInformacjeKontaTDD_MainAccountPage.WalidacjaZakładkiEdytujInformacjeKontaTDD_MainAccountPage(TC_219_WalidacjaZakładkiEdytujInformacjeKontaTDD_MainAccountPage.java:55)
at java.base/java.util.ArrayList.forEach(ArrayList.java:1597)
... Removed 31 stack frames]]>
    </failure>
  </testcase> <!-- WalidacjaZakładkiEdytujInformacjeKontaTDD_MainAccountPage -->
  <testcase classname="testCases.TC_219_WalidacjaZakładkiEdytujInformacjeKontaTDD_MainAccountPage" name="WalidacjaZakładkiEdytujInformacjeKontaTDD_MainAccountPage" time="5.029">
    <failure type="java.lang.AssertionError" message="null">
      <![CDATA[java.lang.AssertionError: null
at testCases.TC_219_WalidacjaZakładkiEdytujInformacjeKontaTDD_MainAccountPage.WalidacjaZakładkiEdytujInformacjeKontaTDD_MainAccountPage(TC_219_WalidacjaZakładkiEdytujInformacjeKontaTDD_MainAccountPage.java:55)
at java.base/java.util.ArrayList.forEach(ArrayList.java:1597)
... Removed 31 stack frames]]>
    </failure>
  </testcase> <!-- WalidacjaZakładkiEdytujInformacjeKontaTDD_MainAccountPage -->
  <testcase classname="testCases.TC_219_WalidacjaZakładkiEdytujInformacjeKontaTDD_MainAccountPage" name="WalidacjaZakładkiEdytujInformacjeKontaTDD_MainAccountPage" time="5.034">
    <failure type="java.lang.AssertionError" message="null">
      <![CDATA[java.lang.AssertionError: null
at testCases.TC_219_WalidacjaZakładkiEdytujInformacjeKontaTDD_MainAccountPage.WalidacjaZakładkiEdytujInformacjeKontaTDD_MainAccountPage(TC_219_WalidacjaZakładkiEdytujInformacjeKontaTDD_MainAccountPage.java:55)
at java.base/java.util.ArrayList.forEach(ArrayList.java:1597)
... Removed 31 stack frames]]>
    </failure>
  </testcase> <!-- WalidacjaZakładkiEdytujInformacjeKontaTDD_MainAccountPage -->
  <testcase classname="testCases.TC_219_WalidacjaZakładkiEdytujInformacjeKontaTDD_MainAccountPage" name="WalidacjaZakładkiEdytujInformacjeKontaTDD_MainAccountPage" time="5.05">
    <failure type="java.lang.AssertionError" message="null">
      <![CDATA[java.lang.AssertionError: null
at testCases.TC_219_WalidacjaZakładkiEdytujInformacjeKontaTDD_MainAccountPage.WalidacjaZakładkiEdytujInformacjeKontaTDD_MainAccountPage(TC_219_WalidacjaZakładkiEdytujInformacjeKontaTDD_MainAccountPage.java:55)
at java.base/java.util.ArrayList.forEach(ArrayList.java:1597)
... Removed 31 stack frames]]>
    </failure>
  </testcase> <!-- WalidacjaZakładkiEdytujInformacjeKontaTDD_MainAccountPage -->
  <testcase classname="testCases.TC_219_WalidacjaZakładkiEdytujInformacjeKontaTDD_MainAccountPage" name="WalidacjaZakładkiEdytujInformacjeKontaTDD_MainAccountPage" time="5.05">
    <failure type="java.lang.AssertionError" message="null">
      <![CDATA[java.lang.AssertionError: null
at testCases.TC_219_WalidacjaZakładkiEdytujInformacjeKontaTDD_MainAccountPage.WalidacjaZakładkiEdytujInformacjeKontaTDD_MainAccountPage(TC_219_WalidacjaZakładkiEdytujInformacjeKontaTDD_MainAccountPage.java:55)
at java.base/java.util.ArrayList.forEach(ArrayList.java:1597)
... Removed 31 stack frames]]>
    </failure>
  </testcase> <!-- WalidacjaZakładkiEdytujInformacjeKontaTDD_MainAccountPage -->
  <testcase classname="testCases.TC_219_WalidacjaZakładkiEdytujInformacjeKontaTDD_MainAccountPage" name="WalidacjaZakładkiEdytujInformacjeKontaTDD_MainAccountPage" time="5.043">
    <failure type="java.lang.AssertionError" message="null">
      <![CDATA[java.lang.AssertionError: null
at testCases.TC_219_WalidacjaZakładkiEdytujInformacjeKontaTDD_MainAccountPage.WalidacjaZakładkiEdytujInformacjeKontaTDD_MainAccountPage(TC_219_WalidacjaZakładkiEdytujInformacjeKontaTDD_MainAccountPage.java:55)
at java.base/java.util.ArrayList.forEach(ArrayList.java:1597)
... Removed 31 stack frames]]>
    </failure>
  </testcase> <!-- WalidacjaZakładkiEdytujInformacjeKontaTDD_MainAccountPage -->
  <testcase classname="testCases.TC_219_WalidacjaZakładkiEdytujInformacjeKontaTDD_MainAccountPage" name="WalidacjaZakładkiEdytujInformacjeKontaTDD_MainAccountPage" time="7.99"/>
  <testcase classname="testCases.TC_219_WalidacjaZakładkiEdytujInformacjeKontaTDD_MainAccountPage" name="WalidacjaZakładkiEdytujInformacjeKontaTDD_MainAccountPage" time="7.409"/>
  <testcase classname="testCases.TC_219_WalidacjaZakładkiEdytujInformacjeKontaTDD_MainAccountPage" name="WalidacjaZakładkiEdytujInformacjeKontaTDD_MainAccountPage" time="7.504"/>
  <testcase classname="testCases.TC_219_WalidacjaZakładkiEdytujInformacjeKontaTDD_MainAccountPage" name="WalidacjaZakładkiEdytujInformacjeKontaTDD_MainAccountPage" time="7.35"/>
  <testcase classname="testCases.TC_219_WalidacjaZakładkiEdytujInformacjeKontaTDD_MainAccountPage" name="WalidacjaZakładkiEdytujInformacjeKontaTDD_MainAccountPage" time="7.108"/>
  <testcase classname="testCases.TC_219_WalidacjaZakładkiEdytujInformacjeKontaTDD_MainAccountPage" name="WalidacjaZakładkiEdytujInformacjeKontaTDD_MainAccountPage" time="7.235"/>
  <testcase classname="testCases.TC_219_WalidacjaZakładkiEdytujInformacjeKontaTDD_MainAccountPage" name="WalidacjaZakładkiEdytujInformacjeKontaTDD_MainAccountPage" time="7.079"/>
  <testcase classname="testCases.TC_219_WalidacjaZakładkiEdytujInformacjeKontaTDD_MainAccountPage" name="WalidacjaZakładkiEdytujInformacjeKontaTDD_MainAccountPage" time="7.178"/>
  <testcase classname="testCases.TC_219_WalidacjaZakładkiEdytujInformacjeKontaTDD_MainAccountPage" name="WalidacjaZakładkiEdytujInformacjeKontaTDD_MainAccountPage" time="7.156"/>
  <testcase classname="testCases.TC_011_WalidacjaNazwyStrony_Pants_WhatsNew_F" name="WalidacjaNazwyStrony_Pants_WhatsNew_F" time="0.0">
    <ignored/>
  </testcase> <!-- WalidacjaNazwyStrony_Pants_WhatsNew_F -->
  <testcase classname="testCases.TC_210_WalidacjaOpcjiWEcoCollection_TopsPage_M" name="WalidacjaOpcjiWEcoCollection_TopsPage_M" time="0.0">
    <ignored/>
  </testcase> <!-- WalidacjaOpcjiWEcoCollection_TopsPage_M -->
  <testcase classname="testCases.TC_029_WalidacjaNazwyStrony_Tees_MainMenu_F" name="WalidacjaNazwyStrony_Tees_MainMenu_F" time="0.0">
    <ignored/>
  </testcase> <!-- WalidacjaNazwyStrony_Tees_MainMenu_F -->
  <testcase classname="testCases.TC_158_WalidacjaWyświetlaniaNazwKolumnZamówień_MyAccountPage" name="WalidacjaWyświetlaniaNazwKolumnZamówień_MyAccountPage" time="0.0">
    <ignored/>
  </testcase> <!-- WalidacjaWyświetlaniaNazwKolumnZamówień_MyAccountPage -->
  <testcase classname="testCases.TC_212_WalidacjaOpcjiWErinReccomends_TopsPage_M" name="WalidacjaOpcjiWErinReccomends_TopsPage_M" time="0.0">
    <ignored/>
  </testcase> <!-- WalidacjaOpcjiWErinReccomends_TopsPage_M -->
  <testcase classname="testCases.TC_218_WalidacjaOpcjiWRozmiar_TopsPage_M" name="WalidacjaOpcjiWRozmiar_TopsPage_M" time="0.0">
    <ignored/>
  </testcase> <!-- WalidacjaOpcjiWRozmiar_TopsPage_M -->
  <testcase classname="testCases.TC_014_WalidacjaNazwyStrony_Hoodies_WhatsNew_M" name="WalidacjaNazwyStrony_Hoodies_WhatsNew_M" time="0.0">
    <ignored/>
  </testcase> <!-- WalidacjaNazwyStrony_Hoodies_WhatsNew_M -->
  <testcase classname="testCases.TC_150_WalidacjaTekstuKsiążkaAdresowa_MyAccountPage" name="WalidacjaTekstuKsiążkaAdresowa_MyAccountPage" time="0.0">
    <ignored/>
  </testcase> <!-- WalidacjaTekstuKsiążkaAdresowa_MyAccountPage -->
  <testcase classname="testCases.TC_021_WalidacjaNazwyStrony_Men" name="WalidacjaNazwyStrony_Men" time="0.0">
    <ignored/>
  </testcase> <!-- WalidacjaNazwyStrony_Men -->
  <testcase classname="testCases.TC_154_WalidacjaWyświetlaniaNazwyIEmailUżytkownika_MyAccountPage" name="WalidacjaWyświetlaniaNazwyIEmailUżytkownika_MyAccountPage" time="0.0">
    <ignored/>
  </testcase> <!-- WalidacjaWyświetlaniaNazwyIEmailUżytkownika_MyAccountPage -->
  <testcase classname="testCases.TC_197_WalidacjaCheckBoxZmieńAdressEmail_MyAccountPage" name="WalidacjaCheckBoxZmieńAdressEmail_MyAccountPage" time="0.0">
    <ignored/>
  </testcase> <!-- WalidacjaCheckBoxZmieńAdressEmail_MyAccountPage -->
  <testcase classname="testCases.TC_061_WalidacjaRozmiarówProduktów_ProductPage" name="WalidacjaRozmiarówProduktów_ProductPage" time="0.0">
    <ignored/>
  </testcase> <!-- WalidacjaRozmiarówProduktów_ProductPage -->
  <testcase classname="testCases.TC_112_WalidacjaWyświetlaniaNagłówków_h3_CustomerServicePage" name="WalidacjaWyświetlaniaNagłówków_h3_CustomerServicePage" time="0.0">
    <ignored/>
  </testcase> <!-- WalidacjaWyświetlaniaNagłówków_h3_CustomerServicePage -->
  <testcase classname="testCases.TC_190_WalidacjaFunkcjonalnościDodajWszystkoDoKoszyka_MyAccountPage" name="WalidacjaFunkcjonalnościDodajWszystkoDoKoszyka_MyAccountPage" time="0.0">
    <ignored/>
  </testcase> <!-- WalidacjaFunkcjonalnościDodajWszystkoDoKoszyka_MyAccountPage -->
  <testcase classname="testCases.TC_038_WalidacjaNazwyStrony_Tanks_MainMenu_M" name="WalidacjaNazwyStrony_Tanks_MainMenu_M" time="0.0">
    <ignored/>
  </testcase> <!-- WalidacjaNazwyStrony_Tanks_MainMenu_M -->
  <testcase classname="testCases.TC_149_WalidacjaTekstuNewslettery_MyAccountPage" name="WalidacjaTekstuNewslettery_MyAccountPage" time="0.0">
    <ignored/>
  </testcase> <!-- WalidacjaTekstuNewslettery_MyAccountPage -->
  <testcase classname="testCases.TC_201_WalidacjaWyświetlaniaTekstuOpcjiZakupów_Tops_M" name="WalidacjaWyświetlaniaTekstuOpcjiZakupów_Tops_M" time="0.0">
    <ignored/>
  </testcase> <!-- WalidacjaWyświetlaniaTekstuOpcjiZakupów_Tops_M -->
  <testcase classname="testCases.TC_031_WalidacjaNazwyStrony_Pants_MainMenu_F" name="WalidacjaNazwyStrony_Pants_MainMenu_F" time="0.0">
    <ignored/>
  </testcase> <!-- WalidacjaNazwyStrony_Pants_MainMenu_F -->
  <testcase classname="testCases.TC_106_WalidacjaKlikalnonościLinkuContactLuma_AboutUsPage" name="WalidacjaKlikalnonościLinkuContactLuma_AboutUsPage" time="0.0">
    <ignored/>
  </testcase> <!-- WalidacjaKlikalnonościLinkuContactLuma_AboutUsPage -->
  <testcase classname="testCases.TC_044_WalidacjaNazwyStrony_Video_MainMenu" name="WalidacjaNazwyStrony_Video_MainMenu" time="0.0">
    <ignored/>
  </testcase> <!-- WalidacjaNazwyStrony_Video_MainMenu -->
  <testcase classname="testCases.TC_054_WalidacjaKlikalnościRozmiarPrzedmiotów_HSeller" name="WalidacjaRozmiarPrzedmiotów_HSelle" time="0.0">
    <ignored/>
  </testcase> <!-- WalidacjaRozmiarPrzedmiotów_HSelle -->
  <testcase classname="testCases.TC_072_WalidacjaNazwProduktów_ProductPage" name="WalidacjaNazwProduktów_ProductPage" time="0.0">
    <ignored/>
  </testcase> <!-- WalidacjaNazwProduktów_ProductPage -->
  <testcase classname="testCases.TC_188_WalidacjaWyświetlaniaAktualizacjaListyŻyczeń_MyAccountPage" name="WalidacjaWyświetlaniaAktualizacjaListyŻyczeń_MyAccountPage" time="0.0">
    <ignored/>
  </testcase> <!-- WalidacjaWyświetlaniaAktualizacjaListyŻyczeń_MyAccountPage -->
  <testcase classname="testCases.TC_164_WalidacjaLinkuZmieńAdresDostawy_MyAccountPage" name="WalidacjaLinkuZmieńAdresDostawy_MyAccountPage" time="0.0">
    <ignored/>
  </testcase> <!-- WalidacjaLinkuZmieńAdresDostawy_MyAccountPage -->
  <testcase classname="testCases.TC_199_WalidacjaCheckBoxZmieńAdressEmailIHasło_MyAccountPage" name="WalidacjaCheckBoxZmieńAdressEmailIHasło_MyAccountPage" time="0.0">
    <ignored/>
  </testcase> <!-- WalidacjaCheckBoxZmieńAdressEmailIHasło_MyAccountPage -->
  <testcase classname="testCases.TC_118_WalidacjaDanychTabeli_PrivacyPage" name="WalidacjaDanychTabeli_PrivacyPage" time="0.0">
    <ignored/>
  </testcase> <!-- WalidacjaDanychTabeli_PrivacyPage -->
  <testcase classname="testCases.TC_220_WalidacjaPoprawnegoEdytowaniaInformacjiKonta_MainAccountPage" name="WalidacjaPoprawnegoEdytowaniaInformacjiKonta_MainAccountPage" time="0.0">
    <ignored/>
  </testcase> <!-- WalidacjaPoprawnegoEdytowaniaInformacjiKonta_MainAccountPage -->
  <testcase classname="testCases.TC_005_WalidacjaNazwyStronyWhatsNew" name="WalidacjaNazwyStronyWhatsNew" time="0.0">
    <ignored/>
  </testcase> <!-- WalidacjaNazwyStronyWhatsNew -->
  <testcase classname="testCases.TC_198_WalidacjaCheckBoxZmieńHasło_MyAccountPage" name="WalidacjaCheckBoxZmieńHasło_MyAccountPage" time="0.0">
    <ignored/>
  </testcase> <!-- WalidacjaCheckBoxZmieńHasło_MyAccountPage -->
  <testcase classname="testCases.TC_037_WalidacjaNazwyStrony_Tees_MainMenu_M" name="WalidacjaNazwyStrony_Tees_MainMenu_M" time="0.0">
    <ignored/>
  </testcase> <!-- WalidacjaNazwyStrony_Tees_MainMenu_M -->
  <testcase classname="testCases.TC_060_WalidacjaCenyProduktu_ProductPage" name="WalidacjaCenyProduktu_ProductPage" time="0.0">
    <ignored/>
  </testcase> <!-- WalidacjaCenyProduktu_ProductPage -->
  <testcase classname="testCases.TC_144_WalidacjaWyświetlaniaTekstuDomyślnyAdresRozliczeniowy_MyAccountPage" name="WalidacjaWyświetlaniaTekstuDomyślnyAdresRozliczeniowy_MyAccountPage" time="0.0">
    <ignored/>
  </testcase> <!-- WalidacjaWyświetlaniaTekstuDomyślnyAdresRozliczeniowy_MyAccountPage -->
  <testcase classname="testCases.TC_051_WalidacjaNazwy_HotSeller" name="WalidacjaNazwy_HotSeller" time="0.0">
    <ignored/>
  </testcase> <!-- WalidacjaNazwy_HotSeller -->
  <testcase classname="testCases.TC_189_WalidacjaFunkcjonalnościUdostępnijWishList_MyAccountPage" name="WalidacjaFunkcjonalnościUdostępnijWishList_MyAccountPage" time="0.0">
    <ignored/>
  </testcase> <!-- WalidacjaFunkcjonalnościUdostępnijWishList_MyAccountPage -->
  <testcase classname="testCases.TC_053_WalidacjaWyświetlaniaNazwPrzedmiotów_HSeller" name="WalidacjaNazwPrzedmiotów_HSeller" time="0.0">
    <ignored/>
  </testcase> <!-- WalidacjaNazwPrzedmiotów_HSeller -->
  <testcase classname="testCases.TC_086_WalidacjaWyświetlaniaLinkuPrivacy_FooterPage" name="WalidacjaWyświetlaniaLinkuPrivacy_FooterPage" time="0.0">
    <ignored/>
  </testcase> <!-- WalidacjaWyświetlaniaLinkuPrivacy_FooterPage -->
  <testcase classname="testCases.TC_178_WalidacjaPrzyciskuDodajDoKoszyka_MyAccountPage" name="WalidacjaPrzyciskuDodajDoKoszyka_MyAccountPage" time="0.0">
    <ignored/>
  </testcase> <!-- WalidacjaPrzyciskuDodajDoKoszyka_MyAccountPage -->
  <testcase classname="testCases.TC_030_WalidacjaNazwyStrony_BrasAndTanks_MainMenu_F" name="WalidacjaNazwyStrony_BrasAndTanks_MainMenu_F" time="0.0">
    <ignored/>
  </testcase> <!-- WalidacjaNazwyStrony_BrasAndTanks_MainMenu_F -->
  <testcase classname="testCases.TC_205_WalidacjaFunkcjonalnościDropDownSelektor_Ceny_Tops_M" name="WalidacjaFunkcjonalnościDropDownSelektor_Ceny_Tops_M" time="0.0">
    <ignored/>
  </testcase> <!-- WalidacjaFunkcjonalnościDropDownSelektor_Ceny_Tops_M -->
  <testcase classname="testCases.TC_123_WalidacjaWyświetlaniaNumer_contactPage" name="WalidacjaWyświetlaniaNumer_contactPage" time="0.0">
    <ignored/>
  </testcase> <!-- WalidacjaWyświetlaniaNumer_contactPage -->
  <testcase classname="testCases.TC_001_WalidacjaPoprawnegoLogowania" name="WalidacjaPoprawnegoLogowania" time="0.0">
    <ignored/>
  </testcase> <!-- WalidacjaPoprawnegoLogowania -->
  <testcase classname="testCases.TC_176_WalidacjaTekstuOstanieZamówienia_MyAccountPage" name="WalidacjaTekstuOstanieZamówienia_MyAccountPage" time="0.0">
    <ignored/>
  </testcase> <!-- WalidacjaTekstuOstanieZamówienia_MyAccountPage -->
  <testcase classname="testCases.TC_147_WalidacjaTekstuDaneKonta_MyAccountPage" name="WalidacjaTekstuDaneKonta_MyAccountPage" time="0.0">
    <ignored/>
  </testcase> <!-- WalidacjaTekstuDaneKonta_MyAccountPage -->
  <testcase classname="testCases.TC_183_WalidacjaFunkcjonalnościOpcjiWyświetlaniaIlościProduktówWZakładceZamówieniaOpcja20_MyAccountPage" name="WalidacjaFunkcjonalnościOpcjiWyświetlaniaIlościProduktówWZakładceZamówieniaOpcja20_MyAccountPage" time="0.0">
    <ignored/>
  </testcase> <!-- WalidacjaFunkcjonalnościOpcjiWyświetlaniaIlościProduktówWZakładceZamówieniaOpcja20_MyAccountPage -->
  <testcase classname="testCases.TC_013_WalidacjaWyświetlaniaNazwyStrony_WhatsNew_NewInMens" name="Walidacja_WhatsNew_NewInMens" time="0.0">
    <ignored/>
  </testcase> <!-- Walidacja_WhatsNew_NewInMens -->
  <testcase classname="testCases.TC_098_WalidacjaFunkcjonalności_LinkuAboutUs_FooterPage" name="WalidacjaFunkcjonalności_LinkuAboutUs_FooterPage" time="0.0">
    <ignored/>
  </testcase> <!-- WalidacjaFunkcjonalności_LinkuAboutUs_FooterPage -->
  <testcase classname="testCases.TC_026_WalidacjaNazwyStrony_Bottom_MainMenu_F" name="WalidacjaNazwyStrony_Bottom_MainMenu_F" time="0.0">
    <ignored/>
  </testcase> <!-- WalidacjaNazwyStrony_Bottom_MainMenu_F -->
  <testcase classname="testCases.TC_168_WalidacjaZakładkiMojaListaŻyczeń_MyAccountPage" name="WalidacjaZakładkiMojaListaŻyczeń_MyAccountPage" time="0.0">
    <ignored/>
  </testcase> <!-- WalidacjaZakładkiMojaListaŻyczeń_MyAccountPage -->
  <testcase classname="testCases.TC_173_WalidacjaZakładkiNewsletter_MyAccountPage" name="WalidacjaZakładkiNewsletterMyAccountPage" time="0.0">
    <ignored/>
  </testcase> <!-- WalidacjaZakładkiNewsletterMyAccountPage -->
  <testcase classname="testCases.TC_206_WalidacjaOpcjiWKategoria_TopsPage_M" name="WalidacjaOpcjiWKategoria_TopsPage_M" time="0.0">
    <ignored/>
  </testcase> <!-- WalidacjaOpcjiWKategoria_TopsPage_M -->
  <testcase classname="testCases.TC_009_WalidacjaNazwyStrony_Tees_WhatsNew_F" name="WalidacjaNazwyStrony_Tees_WhatsNew_F" time="0.0">
    <ignored/>
  </testcase> <!-- WalidacjaNazwyStrony_Tees_WhatsNew_F -->
  <testcase classname="testCases.TC_102_WalidacjaFunkcjonalności_LinkuAdvanceSearch_FooterPage" name="WalidacjaFunkcjonalności_LinkuAdvanceSearch_FooterPage" time="0.0">
    <ignored/>
  </testcase> <!-- WalidacjaFunkcjonalności_LinkuAdvanceSearch_FooterPage -->
  <testcase classname="testCases.TC_208_WalidacjaOpcjiWCeny_TopsPage_M" name="WalidacjaOpcjiWCeny_TopsPage_M" time="0.0">
    <ignored/>
  </testcase> <!-- WalidacjaOpcjiWCeny_TopsPage_M -->
  <testcase classname="testCases.TC_079_WalidacjaTekstuOpinieKlientów_ProductPage" name="WalidacjaTekstuOpinieKlientów_ProductPage" time="0.0">
    <ignored/>
  </testcase> <!-- WalidacjaTekstuOpinieKlientów_ProductPage -->
  <testcase classname="testCases.TC_116_WalidacjaWyświetlaniaOpisów_p_PrivacyPage" name="WalidacjaWyświetlaniaOpisów_p_PrivacyPage" time="0.0">
    <ignored/>
  </testcase> <!-- WalidacjaWyświetlaniaOpisów_p_PrivacyPage -->
  <testcase classname="testCases.TC_050_WalidacjaNazwyStrony_Eco" name="WalidacjaNazwyStrony_Eco" time="0.0">
    <ignored/>
  </testcase> <!-- WalidacjaNazwyStrony_Eco -->
  <testcase classname="testCases.TC_146_WalidacjaWyświetlaniaTekstuOstatnieZamówienia_MyAccountPage" name="WalidacjaWyświetlaniaTekstuOstatnieZamówienia_MyAccountPage" time="0.0">
    <ignored/>
  </testcase> <!-- WalidacjaWyświetlaniaTekstuOstatnieZamówienia_MyAccountPage -->
  <testcase classname="testCases.TC_155_WalidacjaWyświetlaniaStatusNewsletter_MyAccountPage" name="WalidacjaWyświetlaniaStatusNewsletter_MyAccountPage" time="0.0">
    <ignored/>
  </testcase> <!-- WalidacjaWyświetlaniaStatusNewsletter_MyAccountPage -->
  <testcase classname="testCases.TC_063_PoprawneDodawanieProduktu_ProductPage" name="PoprawneDodawanieProduktu_ProductPage" time="0.0">
    <ignored/>
  </testcase> <!-- PoprawneDodawanieProduktu_ProductPage -->
  <testcase classname="testCases.TC_097_WalidacjaTekstu_LinkuKontakty_FooterPage" name="WalidacjaTekstu_Linkukontakty_FooterPage" time="0.0">
    <ignored/>
  </testcase> <!-- WalidacjaTekstu_Linkukontakty_FooterPage -->
  <testcase classname="testCases.TC_115_WalidacjaWyświetlaniaNagłówkówh2_PrivacyPage" name="WalidacjaWyświetlaniaNagłówkówh2_PrivacyPage" time="0.0">
    <ignored/>
  </testcase> <!-- WalidacjaWyświetlaniaNagłówkówh2_PrivacyPage -->
  <testcase classname="testCases.TC_145_WalidacjaWyświetlaniaTekstuDomyślnyAdresDostawy_MyAccountPage" name="WalidacjaWyświetlaniaTekstuDomyślnyAdresDostawy_MyAccountPage" time="0.0">
    <ignored/>
  </testcase> <!-- WalidacjaWyświetlaniaTekstuDomyślnyAdresDostawy_MyAccountPage -->
  <testcase classname="testCases.TC_039_WalidacjaNazwyStrony_Pants_MainMenu_M" name="WalidacjaNazwyStrony_Pants_MainMenu_M" time="0.0">
    <ignored/>
  </testcase> <!-- WalidacjaNazwyStrony_Pants_MainMenu_M -->
  <testcase classname="testCases.TC_151_WalidacjaTekstuAdresRozliczeniowy_MyAccountPage" name="WalidacjaTekstuAdresRozliczeniowy_MyAccountPage" time="0.0">
    <ignored/>
  </testcase> <!-- WalidacjaTekstuAdresRozliczeniowy_MyAccountPage -->
  <testcase classname="testCases.TC_211_WalidacjaOpcjiWPerformanceFabric_TopsPage_M" name="WalidacjaOpcjiWPerformanceFabric_TopsPage_M" time="0.0">
    <ignored/>
  </testcase> <!-- WalidacjaOpcjiWPerformanceFabric_TopsPage_M -->
  <testcase classname="testCases.TC_007_WalidacjaNazwyStrony_Hoodies_WhatsNew_F" name="WalidacjaNazwyStrony_Hoodies_WhatsNew_F" time="0.0">
    <ignored/>
  </testcase> <!-- WalidacjaNazwyStrony_Hoodies_WhatsNew_F -->
  <testcase classname="testCases.TC_048_WalidacjaNazwyStrony_Erin_Rec" name="WalidacjaNazwyStrony_Erin_Rec" time="0.0">
    <ignored/>
  </testcase> <!-- WalidacjaNazwyStrony_Erin_Rec -->
  <testcase classname="testCases.TC_088_WalidacjaWyświetlaniaLinkuZaawansowaneWyszukiwanie_FooterPage" name="WalidacjaWyświetlaniaLinkuZaawansowaneWyszukiwanie_FooterPage" time="0.0">
    <ignored/>
  </testcase> <!-- WalidacjaWyświetlaniaLinkuZaawansowaneWyszukiwanie_FooterPage -->
  <testcase classname="testCases.TC_120_WalidacjaKomunikatu_PopularSearchPage" name="WalidacjaKomunikatu_PopularSearchPage" time="0.0">
    <ignored/>
  </testcase> <!-- WalidacjaKomunikatu_PopularSearchPage -->
  <testcase classname="testCases.TC_170_WalidacjaZakładkiDaneKonta_MyAccountPage" name="WalidacjaZakładkiDaneKonta_MyAccountPage" time="0.0">
    <ignored/>
  </testcase> <!-- WalidacjaZakładkiDaneKonta_MyAccountPage -->
  <testcase classname="testCases.TC_126_WalidacjaWyświetlaniaTekstu_WeAreAvaliable_contactPage" name="WalidacjaWyświetlaniaTekstu_WeAreAvaliable_contactPage" time="0.0">
    <ignored/>
  </testcase> <!-- WalidacjaWyświetlaniaTekstu_WeAreAvaliable_contactPage -->
  <testcase classname="testCases.TC_182_WalidacjaWyświetlaniaDrugiegoProduktuWZakładceZamówienia_MyAccountPage" name="WalidacjaWyświetlaniaDrugiegoProduktuWZakładceZamówienia_MyAccountPage" time="0.0">
    <ignored/>
  </testcase> <!-- WalidacjaWyświetlaniaDrugiegoProduktuWZakładceZamówienia_MyAccountPage -->
  <testcase classname="testCases.TC_141_WalidacjaWyświetlaniaTekstuInformacjeKontaktowe_MyAccountPage" name="WalidacjaWyświetlaniaTekstuInformacjeKontaktowe_MyAccountPage" time="0.0">
    <ignored/>
  </testcase> <!-- WalidacjaWyświetlaniaTekstuInformacjeKontaktowe_MyAccountPage -->
  <testcase classname="testCases.TC_215_WalidacjaOpcjiWPattern_TopsPage_M" name="WalidacjaOpcjiWPattern_TopsPage_M" time="0.0">
    <ignored/>
  </testcase> <!-- WalidacjaOpcjiWPattern_TopsPage_M -->
  <testcase classname="testCases.TC_134_WalidacjaTekstu_InfoBarPage" name="WalidacjaTekstu_InfoBar" time="0.0">
    <ignored/>
  </testcase> <!-- WalidacjaTekstu_InfoBar -->
  <testcase classname="testCases.TC_099_WalidacjaFunkcjonalności_LinkuService_FooterPage" name="WalidacjaFunkcjonalności_LinkuService_FooterPage" time="0.0">
    <ignored/>
  </testcase> <!-- WalidacjaFunkcjonalności_LinkuService_FooterPage -->
  <testcase classname="testCases.TC_192_WalidacjWyświetlaniaKomuniaktuWZapamiętaneMetodyPłatnościa_MyAccountPage" name="WalidacjWyświetlaniaKomuniaktuWZapamiętaneMetodyPłatnościa_MyAccountPage" time="0.0">
    <ignored/>
  </testcase> <!-- WalidacjWyświetlaniaKomuniaktuWZapamiętaneMetodyPłatnościa_MyAccountPage -->
  <testcase classname="testCases.TC_157_WalidacjaWyświetlaniaInfoAdressDostawy_MyAccountPage" name="WalidacjaWyświetlaniaInfoAdressDostawy_MyAccountPage" time="0.0">
    <ignored/>
  </testcase> <!-- WalidacjaWyświetlaniaInfoAdressDostawy_MyAccountPage -->
  <testcase classname="testCases.TC_108_WalidacjaKlikalnonościLinkuPrivacyLuma_AboutUsPage" name="WalidacjaKlikalnonościLinkuPrivacyLuma_AboutUsPage" time="0.0">
    <ignored/>
  </testcase> <!-- WalidacjaKlikalnonościLinkuPrivacyLuma_AboutUsPage -->
  <testcase classname="testCases.TC_024_WalidacjaNazwyStrony_Sale" name="WalidacjaNazwyStrony_Sale" time="0.0">
    <ignored/>
  </testcase> <!-- WalidacjaNazwyStrony_Sale -->
  <testcase classname="testCases.TC_085_WalidacjaWyświetlaniaLinkuService_FooterPage" name="WalidacjaWyświetlaniaLinkuService_FooterPage" time="0.0">
    <ignored/>
  </testcase> <!-- WalidacjaWyświetlaniaLinkuService_FooterPage -->
  <testcase classname="testCases.TC_041_WalidacjaNazwyStrony_Bags_MainMenu" name="WalidacjaNazwyStrony_Bags_MainMenu" time="0.0">
    <ignored/>
  </testcase> <!-- WalidacjaNazwyStrony_Bags_MainMenu -->
  <testcase classname="testCases.TC_172_WalidacjaZakładkiMojeOpinie_MyAccountPage" name="WalidacjaZakładkiMojeOpinie_MyAccountPage" time="0.0">
    <ignored/>
  </testcase> <!-- WalidacjaZakładkiMojeOpinie_MyAccountPage -->
  <testcase classname="testCases.TC_135_WalidacjaWyświetlaniaLinku_InfoBarPage" name="WalidacjaWyświetlaniaLinku_InfoBar" time="0.0">
    <ignored/>
  </testcase> <!-- WalidacjaWyświetlaniaLinku_InfoBar -->
  <testcase classname="testCases.TC_167_WalidacjaZakładkiProduktyDoPobrania_MyAccountPage" name="WalidacjaZakładkiProduktyDoPobrania_MyAccountPage" time="0.0">
    <ignored/>
  </testcase> <!-- WalidacjaZakładkiProduktyDoPobrania_MyAccountPage -->
  <testcase classname="testCases.TC_016_WalidacjaNazwyStrony_Tees_WhatsNew_M" name="WalidacjaNazwyStrony_Tees_WhatsNew_M" time="0.0">
    <ignored/>
  </testcase> <!-- WalidacjaNazwyStrony_Tees_WhatsNew_M -->
  <testcase classname="testCases.TC_080_WalidacjaTekstuKomentarza_ProductPage" name="WalidacjaTekstuKomentarza_ProductPage" time="0.0">
    <ignored/>
  </testcase> <!-- WalidacjaTekstuKomentarza_ProductPage -->
  <testcase classname="testCases.TC_181_WalidacjaWyświetlaniaPierwszegoProduktuWZakładceZamówienia_MyAccountPage" name="WalidacjaWyświetlaniaPierwszegoProduktuWZakładceZamówienia_MyAccountPage" time="0.0">
    <ignored/>
  </testcase> <!-- WalidacjaWyświetlaniaPierwszegoProduktuWZakładceZamówienia_MyAccountPage -->
  <testcase classname="testCases.TC_036_WalidacjaNazwyStrony_HoodiesAndSweatshirts_MainMenu_M" name="WalidacjaNazwyStrony_HoodiesAndSweatshirts_MainMenu_M" time="0.0">
    <ignored/>
  </testcase> <!-- WalidacjaNazwyStrony_HoodiesAndSweatshirts_MainMenu_M -->
  <testcase classname="testCases.TC_028_WalidacjaNazwyStrony_HoodiesAndSweatshirts_MainMenu_F" name="WalidacjaNazwyStrony_HoodiesAndSweatshirts_MainMenu_F" time="0.0">
    <ignored/>
  </testcase> <!-- WalidacjaNazwyStrony_HoodiesAndSweatshirts_MainMenu_F -->
  <testcase classname="testCases.TC_148_WalidacjaTekstuInformacjekontaktowe_MyAccountPage" name="WalidacjaTekstuInformacjekontaktowe_MyAccountPage" time="0.0">
    <ignored/>
  </testcase> <!-- WalidacjaTekstuInformacjekontaktowe_MyAccountPage -->
  <testcase classname="testCases.TC_171_WalidacjaZakładkiZapamiętaneMetodyPłatności_MyAccountPage" name="WalidacjaZakładkiZapamiętaneMetodyPłatności_MyAccountPage" time="0.0">
    <ignored/>
  </testcase> <!-- WalidacjaZakładkiZapamiętaneMetodyPłatności_MyAccountPage -->
  <testcase classname="testCases.TC_202_WalidacjaWyświetlaniaLicznikaPrzedmiotów_Tops_M" name="WalidacjaWyświetlaniaLicznikaPrzedmiotów_Tops_M" time="0.0">
    <ignored/>
  </testcase> <!-- WalidacjaWyświetlaniaLicznikaPrzedmiotów_Tops_M -->
  <testcase classname="testCases.TC_136_WalidacjaLinkTekstu_InfoBarPage" name="WalidacjaLinkTekstu_InfoBar" time="0.0">
    <ignored/>
  </testcase> <!-- WalidacjaLinkTekstu_InfoBar -->
  <testcase classname="testCases.TC_133_WalidacjaWyświetlaniaTekstu_InfoBarPage" name="WalidacjaWyświetlaniaTekstu_InfoBar" time="0.0">
    <ignored/>
  </testcase> <!-- WalidacjaWyświetlaniaTekstu_InfoBar -->
  <testcase classname="testCases.TC_010_WalidacjaNazwyStrony_BrasAndTanks_WhatsNew_F" name="WalidacjaNazwyStrony_BrasAndTanks_WhatsNew_F" time="0.0">
    <ignored/>
  </testcase> <!-- WalidacjaNazwyStrony_BrasAndTanks_WhatsNew_F -->
  <testcase classname="testCases.TC_045_WalidacjaNazwyStrony_Yoga" name="WalidacjaNazwyStrony_Yoga" time="0.0">
    <ignored/>
  </testcase> <!-- WalidacjaNazwyStrony_Yoga -->
  <testcase classname="testCases.TC_117_WalidacjaNagłówkówTabeli_PrivacyPage" name="WalidacjaNagłówkówTabeli_PrivacyPage" time="0.0">
    <ignored/>
  </testcase> <!-- WalidacjaNagłówkówTabeli_PrivacyPage -->
  <testcase classname="testCases.TC_163_WalidacjaLinkuZmieńAdresRozliczeniowy_MyAccountPage" name="WalidacjaLinkuZmieńAdresRozliczeniowy_MyAccountPage" time="0.0">
    <ignored/>
  </testcase> <!-- WalidacjaLinkuZmieńAdresRozliczeniowy_MyAccountPage -->
  <testcase classname="testCases.TC_096_WalidacjaTekstu_LinkuZwroty_FooterPage" name="WalidacjaTekstu_LinkuZwroty_FooterPage" time="0.0">
    <ignored/>
  </testcase> <!-- WalidacjaTekstu_LinkuZwroty_FooterPage -->
  <testcase classname="testCases.TC_019_WalidacjaNazwyStrony_Shorts_WhatsNew_M" name="WalidacjaNazwyStrony_Shorts_WhatsNew_M" time="0.0">
    <ignored/>
  </testcase> <!-- WalidacjaNazwyStrony_Shorts_WhatsNew_M -->
  <testcase classname="testCases.TC_046_WalidacjaNazwyStrony_Pants" name="WalidacjaNazwyStrony_Yoga" time="0.0">
    <ignored/>
  </testcase> <!-- WalidacjaNazwyStrony_Yoga -->
  <testcase classname="testCases.TC_067_WalidacjaZakładkiWięcejInfo_PageProduct" name="WalidacjaModułuWięcejInfo_PageProduct" time="0.0">
    <ignored/>
  </testcase> <!-- WalidacjaModułuWięcejInfo_PageProduct -->
  <testcase classname="testCases.TC_056_WalidacjaCenaPrzedmiotów_HSeller" name="WalidacjaRozmiarPrzedmiotów_HSelle" time="0.0">
    <ignored/>
  </testcase> <!-- WalidacjaRozmiarPrzedmiotów_HSelle -->
  <testcase classname="testCases.TC_025_WalidacjaNazwyStrony_Tops_MainMenu_F" name="WalidacjaNazwyStrony_Tops_MainMenu_F" time="0.0">
    <ignored/>
  </testcase> <!-- WalidacjaNazwyStrony_Tops_MainMenu_F -->
  <testcase classname="testCases.TC_012_WalidacjaNazwyStrony_Shorts_WhatsNew_F" name="WalidacjaNazwyStrony_Shorts_WhatsNew_F" time="0.0">
    <ignored/>
  </testcase> <!-- WalidacjaNazwyStrony_Shorts_WhatsNew_F -->
  <testcase classname="testCases.TC_105_WalidacjaWyświetlaniaTekstówInformacyjnych_AboutUsPage" name="WalidacjaWyświetlaniaTekstówInformacyjnych_AboutUsPage" time="0.0">
    <ignored/>
  </testcase> <!-- WalidacjaWyświetlaniaTekstówInformacyjnych_AboutUsPage -->
  <testcase classname="testCases.TC_125_WalidacjaWyświetlaniaTekstu_DesignInquiriesDesc_contactPage" name="WalidacjaWyświetlaniaTekstu_DesignInquiriesDesc_contactPage" time="0.0">
    <ignored/>
  </testcase> <!-- WalidacjaWyświetlaniaTekstu_DesignInquiriesDesc_contactPage -->
  <testcase classname="testCases.TC_052_WalidacjaOpisu_HotSeller" name="WalidacjaNazwy_HotSeller" time="0.0">
    <ignored/>
  </testcase> <!-- WalidacjaNazwy_HotSeller -->
  <testcase classname="testCases.TC_090_WalidacjaWyświetlaniaLinkuKontakt_FooterPage" name="WalidacjaWyświetlaniaLinkuKontakt_FooterPage" time="0.0">
    <ignored/>
  </testcase> <!-- WalidacjaWyświetlaniaLinkuKontakt_FooterPage -->
  <testcase classname="testCases.TC_161_WalidacjaLinkuZmieńNewslettery_MyAccountPage" name="WalidacjaLinkuZmieńNewslettery_MyAccountPage" time="0.0">
    <ignored/>
  </testcase> <!-- WalidacjaLinkuZmieńNewslettery_MyAccountPage -->
  <testcase classname="testCases.TC_216_WalidacjaOpcjiWClimate_TopsPage_M" name="WalidacjaOpcjiWClimate_TopsPage_M" time="0.0">
    <ignored/>
  </testcase> <!-- WalidacjaOpcjiWClimate_TopsPage_M -->
  <testcase classname="testCases.TC_204_WalidacjaFunkcjonalnościDropDownSelektor_Nazwa_Tops_M" name="WalidacjaFunkcjonalnościDropDownSelektor_Nazwa_Tops_M" time="0.0">
    <ignored/>
  </testcase> <!-- WalidacjaFunkcjonalnościDropDownSelektor_Nazwa_Tops_M -->
  <testcase classname="testCases.TC_124_WalidacjaWyświetlaniaNagłówka_DesignInquiries_contactPage" name="WalidacjaWyświetlaniaNagłówka_DesignInquiries_contactPage" time="0.0">
    <ignored/>
  </testcase> <!-- WalidacjaWyświetlaniaNagłówka_DesignInquiries_contactPage -->
  <testcase classname="testCases.TC_132_WalidacjaLinkuZwrotyIZamowówienia_FooterPage" name="WalidacjaLinkuZwrotyIZamowówienia_FooterPage" time="0.0">
    <ignored/>
  </testcase> <!-- WalidacjaLinkuZwrotyIZamowówienia_FooterPage -->
  <testcase classname="testCases.TC_203_WalidacjaFunkcjonalnościDropDownSelektorOpcja_Pozycja_Tops_M" name="WalidacjaFunkcjonalnościDropDownSelektorOpcja_Pozycja_Tops_M" time="0.0">
    <ignored/>
  </testcase> <!-- WalidacjaFunkcjonalnościDropDownSelektorOpcja_Pozycja_Tops_M -->
  <testcase classname="testCases.TC_055_WalidacjaKlikalnościKolorPrzedmiotów_HSeller" name="WalidacjaRozmiarPrzedmiotów_HSelle" time="0.0">
    <ignored/>
  </testcase> <!-- WalidacjaRozmiarPrzedmiotów_HSelle -->
  <testcase classname="testCases.TC_074_WalidacjaPrzyciskuPorównaj_ProductPage" name="WalidacjaPrzyciskuPorównaj_ProductPage" time="0.0">
    <ignored/>
  </testcase> <!-- WalidacjaPrzyciskuPorównaj_ProductPage -->
  <testcase classname="testCases.TC_089_WalidacjaWyświetlaniaLinkuZwroty_FooterPage" name="WalidacjaWyświetlaniaLinkuZwroty_FooterPage" time="0.0">
    <ignored/>
  </testcase> <!-- WalidacjaWyświetlaniaLinkuZwroty_FooterPage -->
  <testcase classname="testCases.TC_035_WalidacjaNazwyStrony_Jacket_MainMenu_M" name="WalidacjaNazwyStrony_Jacket_MainMenu_M" time="0.0">
    <ignored/>
  </testcase> <!-- WalidacjaNazwyStrony_Jacket_MainMenu_M -->
  <testcase classname="testCases.TC_213_WalidacjaOpcjiWNowy_TopsPage_M" name="WalidacjaOpcjiWErinReccomends_TopsPage_M" time="0.0">
    <ignored/>
  </testcase> <!-- WalidacjaOpcjiWErinReccomends_TopsPage_M -->
  <testcase classname="testCases.TC_015_WalidacjaNazwyStrony_Jacket_WhatsNew_M" name="WalidacjaNazwyStrony_Jacket_WhatsNew_M" time="0.0">
    <ignored/>
  </testcase> <!-- WalidacjaNazwyStrony_Jacket_WhatsNew_M -->
  <testcase classname="testCases.TC_100_WalidacjaFunkcjonalności_Privacy_FooterPage" name="WalidacjaFunkcjonalności_Privacy_FooterPage" time="0.0">
    <ignored/>
  </testcase> <!-- WalidacjaFunkcjonalności_Privacy_FooterPage -->
  <testcase classname="testCases.TC_066_WalidacjaZakładkiSzczegóły_PageProduct" name="WalidacjaZakładkiSzczegóły_PageProduct" time="0.0">
    <ignored/>
  </testcase> <!-- WalidacjaZakładkiSzczegóły_PageProduct -->
  <testcase classname="testCases.TC_034_WalidacjaNazwyStrony_Bottom_MainMenu_M" name="WalidacjaNazwyStrony_Bottom_MainMenu_M" time="0.0">
    <ignored/>
  </testcase> <!-- WalidacjaNazwyStrony_Bottom_MainMenu_M -->
  <testcase classname="testCases.TC_040_WalidacjaNazwyStrony_Shorts_MainMenu_M" name="WalidacjaNazwyStrony_Shorts_MainMenu_M" time="0.0">
    <ignored/>
  </testcase> <!-- WalidacjaNazwyStrony_Shorts_MainMenu_M -->
  <testcase classname="testCases.TC_032_WalidacjaNazwyStrony_Shorts_MainMenu_F" name="WalidacjaNazwyStrony_Shorts_MainMenu_F" time="0.0">
    <ignored/>
  </testcase> <!-- WalidacjaNazwyStrony_Shorts_MainMenu_F -->
  <testcase classname="testCases.TC_119_WalidacjaLinkuContactUs_PrivacyPage" name="WalidacjaLinkuContactUs_PrivacyPage" time="0.0">
    <ignored/>
  </testcase> <!-- WalidacjaLinkuContactUs_PrivacyPage -->
  <testcase classname="testCases.TC_159_WalidacjaLinkuPozwalającyZmienićDaneKonta_MyAccountPage" name="WalidacjaLinkuPozwalającyZmienićDaneKonta" time="0.0">
    <ignored/>
  </testcase> <!-- WalidacjaLinkuPozwalającyZmienićDaneKonta -->
  <testcase classname="testCases.TC_143_WalidacjaWyświetlaniaTekstuKsiążkaAdresowa_MyAccountPage" name="WalidacjaWyświetlaniaTekstuKsiążkaAdresowa_MyAccountPage" time="0.0">
    <ignored/>
  </testcase> <!-- WalidacjaWyświetlaniaTekstuKsiążkaAdresowa_MyAccountPage -->
  <testcase classname="testCases.TC_069_WalidacjaTekstuInneProdukty_PageProduct" name="WalidacjaTekstuInneProdukty_PageProduct" time="0.0">
    <ignored/>
  </testcase> <!-- WalidacjaTekstuInneProdukty_PageProduct -->
  <testcase classname="testCases.TC_078_WalidacjaKlikalnościTekstDodajOpinie_ProductPage" name="WalidacjaKlikalnościTekstDodajOpinie_ProductPage" time="0.0">
    <ignored/>
  </testcase> <!-- WalidacjaKlikalnościTekstDodajOpinie_ProductPage -->
  <testcase classname="testCases.TC_047_WalidacjaNazwyStrony_Tees" name="WalidacjaNazwyStrony_Yoga" time="0.0">
    <ignored/>
  </testcase> <!-- WalidacjaNazwyStrony_Yoga -->
  <testcase classname="testCases.TC_185_WalidacjaLicznikaProduktówWZamówienia_MyAccountPage" name="WalidacjaLicznikaProduktówWZamówienia_MyAccountPage" time="0.0">
    <ignored/>
  </testcase> <!-- WalidacjaLicznikaProduktówWZamówienia_MyAccountPage -->
  <testcase classname="testCases.TC_122_WalidacjaWyświetlaniaTekstu_WeLoveHearing_contactPage" name="WalidacjaTekstu_WeLoveHearing_contactPage" time="0.0">
    <ignored/>
  </testcase> <!-- WalidacjaTekstu_WeLoveHearing_contactPage -->
  <testcase classname="testCases.TC_128_WalidacjaWyświetlaniaNagłówka_pressInquiries_contactPage" name="WalidacjaWyświetlaniaNagłówka_pressInquiries_contactPage" time="0.0">
    <ignored/>
  </testcase> <!-- WalidacjaWyświetlaniaNagłówka_pressInquiries_contactPage -->
  <testcase classname="testCases.TC_043_WalidacjaNazwyStrony_Watches_MainMenu" name="WalidacjaNazwyStrony_Watches_MainMenu" time="0.0">
    <ignored/>
  </testcase> <!-- WalidacjaNazwyStrony_Watches_MainMenu -->
  <testcase classname="testCases.TC_095_WalidacjaTekstu_LinkuAdvancedSearch_FooterPage" name="WalidacjaTekstu_LinkuAdvancedSearch_FooterPage" time="0.0">
    <ignored/>
  </testcase> <!-- WalidacjaTekstu_LinkuAdvancedSearch_FooterPage -->
  <testcase classname="testCases.TC_207_WalidacjaOpcjiWStyle_TopsPage_M" name="WalidacjaOpcjiWStyle_TopsPage_M" time="0.0">
    <ignored/>
  </testcase> <!-- WalidacjaOpcjiWStyle_TopsPage_M -->
  <testcase classname="testCases.TC_180_WalidacjaOpisuBrakProdktówWLiścieŻyczeń_MyAccountPage" name="WalidacjaOpisuBrakProdktówWLiścieŻyczeń_MyAccountPage" time="0.0">
    <ignored/>
  </testcase> <!-- WalidacjaOpisuBrakProdktówWLiścieŻyczeń_MyAccountPage -->
  <testcase classname="testCases.TC_093_WalidacjaTekstu_LinkuPrivacy_FooterPage" name="WalidacjaTekstu_LinkuPrivacy_FooterPage" time="0.0">
    <ignored/>
  </testcase> <!-- WalidacjaTekstu_LinkuPrivacy_FooterPage -->
  <testcase classname="testCases.TC_130_WalidacjaWyświetlaniaTekstu_LeaveMsg_contactPage" name="WalidacjaWyświetlaniaTekstu_LeaveMsg_contactPage" time="0.0">
    <ignored/>
  </testcase> <!-- WalidacjaWyświetlaniaTekstu_LeaveMsg_contactPage -->
  <testcase classname="testCases.TC_179_WalidacjaTekstuMojaListŻyczeń_MyAccountPage" name="WalidacjaTekstuMojaListŻyczeń_MyAccountPage" time="0.0">
    <ignored/>
  </testcase> <!-- WalidacjaTekstuMojaListŻyczeń_MyAccountPage -->
  <testcase classname="testCases.TC_166_WalidacjaZakładkiZamówienia_MyAccountPage" name="WalidacjaZakładkiZamówienia_MyAccountPage" time="0.0">
    <ignored/>
  </testcase> <!-- WalidacjaZakładkiZamówienia_MyAccountPage -->
  <testcase classname="testCases.TC_023_WalidacjaNazwyStrony_Training" name="WalidacjaNazwyStrony_Training" time="0.0">
    <ignored/>
  </testcase> <!-- WalidacjaNazwyStrony_Training -->
  <testcase classname="testCases.TC_214_WalidacjaOpcjiWSprzedaż_TopsPage_M" name="WalidacjaOpcjiWSprzedaż_TopsPage_M" time="0.0">
    <ignored/>
  </testcase> <!-- WalidacjaOpcjiWSprzedaż_TopsPage_M -->
  <testcase classname="testCases.TC_140_WalidacjaWyświetlaniaTekstuDaneKonta_MyAccountPage" name="WalidacjaWyświetlaniaTekstuDaneKonta_MyAccountPage" time="0.0">
    <ignored/>
  </testcase> <!-- WalidacjaWyświetlaniaTekstuDaneKonta_MyAccountPage -->
  <testcase classname="testCases.TC_073_WalidacjaCenProduktów_ProductPage" name="WalidacjaCenProduktów_ProductPage" time="0.0">
    <ignored/>
  </testcase> <!-- WalidacjaCenProduktów_ProductPage -->
  <testcase classname="testCases.TC_127_WalidacjaWyświetlaniaTekstu_sendToThisMail_contactPage" name="WalidacjaWyświetlaniaTekstu_sendToThisMail_contactPage" time="0.0">
    <ignored/>
  </testcase> <!-- WalidacjaWyświetlaniaTekstu_sendToThisMail_contactPage -->
  <testcase classname="testCases.TC_018_WalidacjaNazwyStrony_Pants_WhatsNew_M" name="WalidacjaNazwyStrony_Pants_WhatsNew_M" time="0.0">
    <ignored/>
  </testcase> <!-- WalidacjaNazwyStrony_Pants_WhatsNew_M -->
  <testcase classname="testCases.TC_107_WalidacjaKlikalnonościLinkuServiceLuma_AboutUsPage" name="WalidacjaKlikalnonościLinkuServiceLuma_AboutUsPage" time="0.0">
    <ignored/>
  </testcase> <!-- WalidacjaKlikalnonościLinkuServiceLuma_AboutUsPage -->
  <testcase classname="testCases.TC_075_WalidacjaPrzyciskuDodajDoListy_BezLogowania_ProductPage" name="WalidacjaPrzyciskuDodajDoListy_BezLogowania_ProductPage" time="0.0">
    <ignored/>
  </testcase> <!-- WalidacjaPrzyciskuDodajDoListy_BezLogowania_ProductPage -->
  <testcase classname="testCases.TC_104_WalidacjaFunkcjonalności_LinkuKontakt_FooterPage" name="WalidacjaFunkcjonalności_LinkuKontakt_FooterPage" time="0.0">
    <ignored/>
  </testcase> <!-- WalidacjaFunkcjonalności_LinkuKontakt_FooterPage -->
  <testcase classname="testCases.TC_129_WalidacjaWyświetlaniaNagłówka_WriteToUs_contactPage" name="WalidacjaWyświetlaniaNagłówka_WriteToUs_contactPage" time="0.0">
    <ignored/>
  </testcase> <!-- WalidacjaWyświetlaniaNagłówka_WriteToUs_contactPage -->
  <testcase classname="testCases.TC_162_WalidacjaLinkuZarządzajAdresami_MyAccountPage" name="WalidacjaLinkuZarządzajAdresami_MyAccountPage" time="0.0">
    <ignored/>
  </testcase> <!-- WalidacjaLinkuZarządzajAdresami_MyAccountPage -->
  <testcase classname="testCases.TC_006_WalidacjaWyświetlaniaNazwyStrony_WhatsNew_NewInWomen" name="Walidacja_WhatsNew_NewInWomen" time="0.0">
    <ignored/>
  </testcase> <!-- Walidacja_WhatsNew_NewInWomen -->
  <testcase classname="testCases.TC_156_WalidacjaWyświetlaniaInfoAdressRozliczeniowy_MyAccountPage" name="WalidacjaWyświetlaniaInfoAdressRozliczeniowy_MyAccountPage" time="0.0">
    <ignored/>
  </testcase> <!-- WalidacjaWyświetlaniaInfoAdressRozliczeniowy_MyAccountPage -->
  <testcase classname="testCases.TC_209_WalidacjaOpcjiWMateriał_TopsPage_M" name="WalidacjaOpcjiWMateriał_TopsPage_M" time="0.0">
    <ignored/>
  </testcase> <!-- WalidacjaOpcjiWMateriał_TopsPage_M -->
  <testcase classname="testCases.TC_062_WalidacjaKolorówProduktów_ProductPage" name="WalidacjaKolorówProduktów_ProductPage" time="0.0">
    <ignored/>
  </testcase> <!-- WalidacjaKolorówProduktów_ProductPage -->
  <testcase classname="testCases.TC_071_WalidacjaObrazówProduktów_ProductPage" name="WalidacjaObrazówProduktów_ProductPage" time="0.0">
    <ignored/>
  </testcase> <!-- WalidacjaObrazówProduktów_ProductPage -->
  <testcase classname="testCases.TC_068_WalidacjaZakładkiOpinie_PageProduct" name="WalidacjaModułuWięcejInfo_PageProduct" time="0.0">
    <ignored/>
  </testcase> <!-- WalidacjaModułuWięcejInfo_PageProduct -->
  <testcase classname="testCases.TC_200_WalidacjaCheckBoxZdalnyAsystent_MyAccountPage" name="WalidacjaCheckBoxZdalnyAsystent_MyAccountPage" time="0.0">
    <ignored/>
  </testcase> <!-- WalidacjaCheckBoxZdalnyAsystent_MyAccountPage -->
  <testcase classname="testCases.TC_103_WalidacjaFunkcjonalności_LinkuZwroty_FooterPage" name="WalidacjaFunkcjonalności_LinkuZwroty_FooterPage" time="0.0">
    <ignored/>
  </testcase> <!-- WalidacjaFunkcjonalności_LinkuZwroty_FooterPage -->
  <testcase classname="testCases.TC_177_WalidacjaLinkuZobaczWszystkieWOstnioZamówione_MyAccountPage" name="WalidacjaLinkuZobaczWszystkieWOstnioZamówione_MyAccountPage" time="0.0">
    <ignored/>
  </testcase> <!-- WalidacjaLinkuZobaczWszystkieWOstnioZamówione_MyAccountPage -->
  <testcase classname="testCases.TC_027_WalidacjaNazwyStrony_Jacket_MainMenu_F" name="WalidacjaNazwyStrony_Jacket_MainMenu_F" time="0.0">
    <ignored/>
  </testcase> <!-- WalidacjaNazwyStrony_Jacket_MainMenu_F -->
  <testcase classname="testCases.TC_017_WalidacjaNazwyStrony_Tanks_WhatsNew_M" name="WalidacjaNazwyStrony_Tanks_WhatsNew_M" time="0.0">
    <ignored/>
  </testcase> <!-- WalidacjaNazwyStrony_Tanks_WhatsNew_M -->
  <testcase classname="testCases.TC_165_WalidacjaLinkuZobaczWszystkie_MyAccountPage" name="WalidacjaLinkuZobaczWszystkie_MyAccountPage" time="0.0">
    <ignored/>
  </testcase> <!-- WalidacjaLinkuZobaczWszystkie_MyAccountPage -->
  <testcase classname="testCases.TC_187_WalidacjaWyświetlaniaProduktówWLiścieŻyczeń_MyAccountPage" name="WalidacjaWyświetlaniaProduktówWLiścieŻyczeń_MyAccountPage" time="0.0">
    <ignored/>
  </testcase> <!-- WalidacjaWyświetlaniaProduktówWLiścieŻyczeń_MyAccountPage -->
  <testcase classname="testCases.TC_084_WalidacjaWyświetlaniaLinkuAboutUs_FooterPage" name="WalidacjaWyświetlaniaLinkuAboutUs_FooterPage" time="0.0">
    <ignored/>
  </testcase> <!-- WalidacjaWyświetlaniaLinkuAboutUs_FooterPage -->
  <testcase classname="testCases.TC_139_WalidacjaFunkcjonalnościPrzyciskuZmianyJęzyka" name="WalidacjaFunkcjonalnościPrzyciskuZmianyJęzyka" time="0.0">
    <ignored/>
  </testcase> <!-- WalidacjaFunkcjonalnościPrzyciskuZmianyJęzyka -->
  <testcase classname="testCases.TC_137_WalidacjaFunkcjonalnościLinku_InfoBarPage" name="WalidacjaFunkcjonalnościLinku_InfoBarPage" time="0.0">
    <ignored/>
  </testcase> <!-- WalidacjaFunkcjonalnościLinku_InfoBarPage -->
  <testcase classname="testCases.TC_160_WalidacjaLinkuZmieńHasłoDaneKonta_MyAccountPage" name="WalidacjaLinkuZmieńHasłoDaneKonta_MyAccountPage" time="0.0">
    <ignored/>
  </testcase> <!-- WalidacjaLinkuZmieńHasłoDaneKonta_MyAccountPage -->
  <testcase classname="testCases.TC_022_WalidacjaNazwyStrony_Gear" name="WalidacjaNazwyStrony_Gear" time="0.0">
    <ignored/>
  </testcase> <!-- WalidacjaNazwyStrony_Gear -->
  <testcase classname="testCases.TC_092_WalidacjaTekstu_LinkuService_FooterPage" name="WalidacjaTekstu_LinkuService_FooterPage" time="0.0">
    <ignored/>
  </testcase> <!-- WalidacjaTekstu_LinkuService_FooterPage -->
  <testcase classname="testCases.TC_110_WalidacjaWyświetlaniaTekstów_CustomerServicePage" name="WalidacjaWyświetlaniaTekstów_CustomerServicePage" time="0.0">
    <ignored/>
  </testcase> <!-- WalidacjaWyświetlaniaTekstów_CustomerServicePage -->
  <testcase classname="testCases.TC_109_WalidacjaKlikalnonościLinkuShopLumaLuma_AboutUsPage" name="WalidacjaKlikalnonościLinkuShopLumaLuma_AboutUsPage" time="0.0">
    <ignored/>
  </testcase> <!-- WalidacjaKlikalnonościLinkuShopLumaLuma_AboutUsPage -->
  <testcase classname="testCases.TC_153_WalidacjaTekstuOstatnieZamówienia_MyAccountPage" name="WalidacjaTekstuOstatnieZamówienia_MyAccountPage" time="0.0">
    <ignored/>
  </testcase> <!-- WalidacjaTekstuOstatnieZamówienia_MyAccountPage -->
  <testcase classname="testCases.TC_186_WalidacjaKomunikatuOBrakuPrzedmiotówWLiścieŻyczeń_MyAccountPage" name="WalidacjaKomunikatuOBrakuPrzedmiotówWLiścieŻyczeń_MyAccountPage" time="0.0">
    <ignored/>
  </testcase> <!-- WalidacjaKomunikatuOBrakuPrzedmiotówWLiścieŻyczeń_MyAccountPage -->
  <testcase classname="testCases.TC_020_WalidacjaNazwyStrony_Women" name="WalidacjaNazwyStrony_Women" time="0.0">
    <ignored/>
  </testcase> <!-- WalidacjaNazwyStrony_Women -->
  <testcase classname="testCases.TC_042_WalidacjaNazwyStrony_Fitness_MainMenu" name="WalidacjaNazwyStrony_Fitness_MainMenu" time="0.0">
    <ignored/>
  </testcase> <!-- WalidacjaNazwyStrony_Fitness_MainMenu -->
  <testcase classname="testCases.TC_113_WalidacjaWyświetlaniaDanychNagłówkaWTabeli_CustomerServicePage" name="WalidacjaWyświetlaniaDanychNagłówkaWTabeli_CustomerServicePage" time="0.0">
    <ignored/>
  </testcase> <!-- WalidacjaWyświetlaniaDanychNagłówkaWTabeli_CustomerServicePage -->
  <testcase classname="testCases.TC_003_WalidacjaPoprawnejRejestracji" name="WalidacjaPoprawnejRejestracji" time="0.0">
    <ignored/>
  </testcase> <!-- WalidacjaPoprawnejRejestracji -->
  <testcase classname="testCases.TC_114_WalidacjaWyświetlaniaDanychWTabeli_CustomerServicePage" name="WalidacjaWyświetlaniaDanychWTabeli_CustomerServicePage" time="0.0">
    <ignored/>
  </testcase> <!-- WalidacjaWyświetlaniaDanychWTabeli_CustomerServicePage -->
  <testcase classname="testCases.TC_058_WalidacjaWyświetlaniaPrzycisku_DodajDoKoszyka_HSeller" name="WalidacjaWyświetlaniaPrzycisku_DodajDoKoszyka_HSeller" time="0.0">
    <ignored/>
  </testcase> <!-- WalidacjaWyświetlaniaPrzycisku_DodajDoKoszyka_HSeller -->
  <testcase classname="testCases.TC_111_WalidacjaWyświetlaniaNagłówków_h2_CustomerServicePage" name="WalidacjaWyświetlaniaNagłówków_h2_CustomerServicePage" time="0.0">
    <ignored/>
  </testcase> <!-- WalidacjaWyświetlaniaNagłówków_h2_CustomerServicePage -->
  <testcase classname="testCases.TC_057_WalidacjaObrazPrzedmiotów_HSeller" name="WalidacjaObrazPrzedmiotów_HSeller" time="0.0">
    <ignored/>
  </testcase> <!-- WalidacjaObrazPrzedmiotów_HSeller -->
  <testcase classname="testCases.TC_076_WalidacjaPrzyciskuDodajDoListy_ProductPage" name="WalidacjaPrzyciskuDodajDoListy_ProductPage" time="0.0">
    <ignored/>
  </testcase> <!-- WalidacjaPrzyciskuDodajDoListy_ProductPage -->
  <testcase classname="testCases.TC_065_WalidacjaPrzeglądaniaZdjęć_RightArrow_PageProduct" name="WalidacjaPrzeglądaniaZdjęć_RightArrow_PageProduct" time="0.0">
    <ignored/>
  </testcase> <!-- WalidacjaPrzeglądaniaZdjęć_RightArrow_PageProduct -->
  <testcase classname="testCases.TC_070_WalidacjaTekstuInneProdukty2_PageProduct" name="WalidacjaTekstuInneProdukty2_PageProduct" time="0.0">
    <ignored/>
  </testcase> <!-- WalidacjaTekstuInneProdukty2_PageProduct -->
  <testcase classname="testCases.TC_142_WalidacjaWyświetlaniaTekstuNewslettery_MyAccountPage" name="WalidacjaWyświetlaniaTekstuNewslettery_MyAccountPage" time="0.0">
    <ignored/>
  </testcase> <!-- WalidacjaWyświetlaniaTekstuNewslettery_MyAccountPage -->
  <testcase classname="testCases.TC_152_WalidacjaTekstuAdresDostawy_MyAccountPage" name="WalidacjaTekstuAdresDostawy_MyAccountPage" time="0.0">
    <ignored/>
  </testcase> <!-- WalidacjaTekstuAdresDostawy_MyAccountPage -->
  <testcase classname="testCases.TC_217_WalidacjaOpcjiWKolorach_TopsPage_M" name="WalidacjaOpcjiWKolorach_TopsPage_M" time="0.0">
    <ignored/>
  </testcase> <!-- WalidacjaOpcjiWKolorach_TopsPage_M -->
  <testcase classname="testCases.TC_094_WalidacjaTekstu_LinkuMostSearch_FooterPage" name="WalidacjaTekstu_LinkuMostSearch_FooterPage" time="0.0">
    <ignored/>
  </testcase> <!-- WalidacjaTekstu_LinkuMostSearch_FooterPage -->
  <testcase classname="testCases.TC_195_WalidacjaPrzyciskuZapiszWNewsletter_MyAccountPage" name="WalidacjaPrzyciskuZapiszWNewsletter_MyAccountPage" time="0.0">
    <ignored/>
  </testcase> <!-- WalidacjaPrzyciskuZapiszWNewsletter_MyAccountPage -->
  <testcase classname="testCases.TC_077_WalidacjaKlikalnościTekstLinku_Opinie_ProductPage" name="WalidacjaPrzyciskuDodajDoListy_ProductPage" time="0.0">
    <ignored/>
  </testcase> <!-- WalidacjaPrzyciskuDodajDoListy_ProductPage -->
  <testcase classname="testCases.TC_059_WalidacjaFunkcjonalnościPrzycisku_DodajDoKoszyka_HSeller" name="WalidacjaFunkcjonalnościPrzycisku_DodajDoKoszyka_HSeller" time="0.0">
    <ignored/>
  </testcase> <!-- WalidacjaFunkcjonalnościPrzycisku_DodajDoKoszyka_HSeller -->
  <testcase classname="testCases.TC_184_WalidacjaFunkcjonalnościOpcjiWyświetlaniaIlościProduktówWZakładceZamówieniaOpcja50_MyAccountPage" name="WalidacjaFunkcjonalnościOpcjiWyświetlaniaIlościProduktówWZakładceZamówieniaOpcja50_MyAccountPage" time="0.0">
    <ignored/>
  </testcase> <!-- WalidacjaFunkcjonalnościOpcjiWyświetlaniaIlościProduktówWZakładceZamówieniaOpcja50_MyAccountPage -->
  <testcase classname="testCases.TC_196_WalidacjaFunkcjonalnościCheckBoxaSubskrypjaNewsletter_MyAccountPage" name="WalidacjaFunkcjonalnościCheckBoxaSubskrypjaNewsletter_MyAccountPage" time="0.0">
    <ignored/>
  </testcase> <!-- WalidacjaFunkcjonalnościCheckBoxaSubskrypjaNewsletter_MyAccountPage -->
  <testcase classname="testCases.TC_169_WalidacjaZakładkiKsiążkaAdresowa_MyAccountPage" name="WalidacjaZakładkiKsiążkaAdresowa_MyAccountPage" time="0.0">
    <ignored/>
  </testcase> <!-- WalidacjaZakładkiKsiążkaAdresowa_MyAccountPage -->
  <testcase classname="testCases.TC_101_WalidacjaFunkcjonalności_LinkuSearch_FooterPage" name="WalidacjaFunkcjonalności_LinkuSearch_FooterPage" time="0.0">
    <ignored/>
  </testcase> <!-- WalidacjaFunkcjonalności_LinkuSearch_FooterPage -->
  <testcase classname="testCases.TC_193_WalidacjWyświetlaniaKomuniaktuOBrakuRecenzji_MyAccountPage" name="WalidacjWyświetlaniaKomuniaktuOBrakuRecenzji_MyAccountPage" time="0.0">
    <ignored/>
  </testcase> <!-- WalidacjWyświetlaniaKomuniaktuOBrakuRecenzji_MyAccountPage -->
  <testcase classname="testCases.TC_174_WalidacjaTekstuPorównajProdukty_MyAccountPage" name="WalidacjaTekstuPorównajProduktyMyAccountPage" time="0.0">
    <ignored/>
  </testcase> <!-- WalidacjaTekstuPorównajProduktyMyAccountPage -->
  <testcase classname="testCases.TC_008_WalidacjaNazwyStrony_Jacket_WhatsNew_F" name="WalidacjaNazwyStrony_Jacket_WhatsNew_F" time="0.0">
    <ignored/>
  </testcase> <!-- WalidacjaNazwyStrony_Jacket_WhatsNew_F -->
  <testcase classname="testCases.TC_033_WalidacjaNazwyStrony_Tops_MainMenu_M" name="WalidacjaNazwyStrony_Tops_MainMenu_M" time="0.0">
    <ignored/>
  </testcase> <!-- WalidacjaNazwyStrony_Tops_MainMenu_M -->
  <testcase classname="testCases.TC_049_WalidacjaNazwyStrony_Performence" name="WalidacjaNazwyStrony_Performence" time="0.0">
    <ignored/>
  </testcase> <!-- WalidacjaNazwyStrony_Performence -->
  <testcase classname="testCases.TC_091_WalidacjaTekstu_LinkuAboutUs_FooterPage" name="WalidacjaTekstu_LinkuAboutUs_FooterPage" time="0.0">
    <ignored/>
  </testcase> <!-- WalidacjaTekstu_LinkuAboutUs_FooterPage -->
  <testcase classname="testCases.TC_194_WalidacjTekstuOpcjeSubskrypcji_MyAccountPage" name="WalidacjTekstuOpcjeSubskrypcji_MyAccountPage" time="0.0">
    <ignored/>
  </testcase> <!-- WalidacjTekstuOpcjeSubskrypcji_MyAccountPage -->
  <testcase classname="testCases.TC_191_WalidacjWyświetlaniaKomuniaktuWProduktyDoPobrania_MyAccountPage" name="WalidacjWyświetlaniaKomuniaktuWProduktyDoPobrania_MyAccountPage" time="0.0">
    <ignored/>
  </testcase> <!-- WalidacjWyświetlaniaKomuniaktuWProduktyDoPobrania_MyAccountPage -->
  <testcase classname="testCases.TC_082_WalidacjaTworzeniaKomentarza_ProductPage" name="WalidacjaKomuniaktówTworzeniaKomentarza_ProductPage" time="0.0">
    <ignored/>
  </testcase> <!-- WalidacjaKomuniaktówTworzeniaKomentarza_ProductPage -->
  <testcase classname="testCases.TC_087_WalidacjaWyświetlaniaLinkuSearch_FooterPage" name="WalidacjaWyświetlaniaLinkuSearch_FooterPage" time="0.0">
    <ignored/>
  </testcase> <!-- WalidacjaWyświetlaniaLinkuSearch_FooterPage -->
  <testcase classname="testCases.TC_175_WalidacjaTekstyBrakProduktówDoPorównania_MyAccountPage" name="WalidacjaTekstyBrakProduktówDoPorównania_MyAccountPage" time="0.0">
    <ignored/>
  </testcase> <!-- WalidacjaTekstyBrakProduktówDoPorównania_MyAccountPage -->
  <testcase classname="testCases.TC_083_WalidacjaLoga_MainPage" name="WalidacjaLoga_MainPage" time="0.0">
    <ignored/>
  </testcase> <!-- WalidacjaLoga_MainPage -->
</testsuite> <!-- groupTest -->
