<?xml version="1.0" encoding="UTF-8"?>
<testng-results ignored="0" total="4" passed="4" failed="0" skipped="0">
  <reporter-output>
  </reporter-output>
  <suite started-at="2024-11-03T11:27:49 CET" name="groups" finished-at="2024-11-03T11:28:10 CET" duration-ms="20182">
    <groups>
      <group name="functional">
        <method signature="TC_005_WalidacjaNazwyStronyWhatsNew.WalidacjaNazwyStronyWhatsNew()[pri:0, instance:testCases.TC_005_WalidacjaNazwyStronyWhatsNew@3e694b3f]" name="WalidacjaNazwyStronyWhatsNew" class="testCases.TC_005_WalidacjaNazwyStronyWhatsNew"/>
        <method signature="TC_200_WalidacjaCheckBoxZdalnyAsystent_MyAccountPage.WalidacjaCheckBoxZdalnyAsystent_MyAccountPage()[pri:0, instance:testCases.TC_200_WalidacjaCheckBoxZdalnyAsystent_MyAccountPage@1bb5a082]" name="WalidacjaCheckBoxZdalnyAsystent_MyAccountPage" class="testCases.TC_200_WalidacjaCheckBoxZdalnyAsystent_MyAccountPage"/>
        <method signature="TC_204_WalidacjaFunkcjonalnościDropDownSelektor_Nazwa_Tops_M.WalidacjaFunkcjonalnościDropDownSelektor_Nazwa_Tops_M()[pri:0, instance:testCases.TC_204_WalidacjaFunkcjonalnościDropDownSelektor_Nazwa_Tops_M@78691363]" name="WalidacjaFunkcjonalnościDropDownSelektor_Nazwa_Tops_M" class="testCases.TC_204_WalidacjaFunkcjonalnościDropDownSelektor_Nazwa_Tops_M"/>
      </group> <!-- functional -->
      <group name="regression">
        <method signature="TC_200_WalidacjaCheckBoxZdalnyAsystent_MyAccountPage.WalidacjaCheckBoxZdalnyAsystent_MyAccountPage()[pri:0, instance:testCases.TC_200_WalidacjaCheckBoxZdalnyAsystent_MyAccountPage@1bb5a082]" name="WalidacjaCheckBoxZdalnyAsystent_MyAccountPage" class="testCases.TC_200_WalidacjaCheckBoxZdalnyAsystent_MyAccountPage"/>
        <method signature="TC_204_WalidacjaFunkcjonalnościDropDownSelektor_Nazwa_Tops_M.WalidacjaFunkcjonalnościDropDownSelektor_Nazwa_Tops_M()[pri:0, instance:testCases.TC_204_WalidacjaFunkcjonalnościDropDownSelektor_Nazwa_Tops_M@78691363]" name="WalidacjaFunkcjonalnościDropDownSelektor_Nazwa_Tops_M" class="testCases.TC_204_WalidacjaFunkcjonalnościDropDownSelektor_Nazwa_Tops_M"/>
      </group> <!-- regression -->
      <group name="sanity">
        <method signature="TC_003_WalidacjaPoprawnejRejestracji.WalidacjaPoprawnejRejestracji()[pri:0, instance:testCases.TC_003_WalidacjaPoprawnejRejestracji@4efbca5a]" name="WalidacjaPoprawnejRejestracji" class="testCases.TC_003_WalidacjaPoprawnejRejestracji"/>
      </group> <!-- sanity -->
      <group name="master">
        <method signature="TC_003_WalidacjaPoprawnejRejestracji.WalidacjaPoprawnejRejestracji()[pri:0, instance:testCases.TC_003_WalidacjaPoprawnejRejestracji@4efbca5a]" name="WalidacjaPoprawnejRejestracji" class="testCases.TC_003_WalidacjaPoprawnejRejestracji"/>
        <method signature="TC_005_WalidacjaNazwyStronyWhatsNew.WalidacjaNazwyStronyWhatsNew()[pri:0, instance:testCases.TC_005_WalidacjaNazwyStronyWhatsNew@3e694b3f]" name="WalidacjaNazwyStronyWhatsNew" class="testCases.TC_005_WalidacjaNazwyStronyWhatsNew"/>
        <method signature="TC_200_WalidacjaCheckBoxZdalnyAsystent_MyAccountPage.WalidacjaCheckBoxZdalnyAsystent_MyAccountPage()[pri:0, instance:testCases.TC_200_WalidacjaCheckBoxZdalnyAsystent_MyAccountPage@1bb5a082]" name="WalidacjaCheckBoxZdalnyAsystent_MyAccountPage" class="testCases.TC_200_WalidacjaCheckBoxZdalnyAsystent_MyAccountPage"/>
        <method signature="TC_204_WalidacjaFunkcjonalnościDropDownSelektor_Nazwa_Tops_M.WalidacjaFunkcjonalnościDropDownSelektor_Nazwa_Tops_M()[pri:0, instance:testCases.TC_204_WalidacjaFunkcjonalnościDropDownSelektor_Nazwa_Tops_M@78691363]" name="WalidacjaFunkcjonalnościDropDownSelektor_Nazwa_Tops_M" class="testCases.TC_204_WalidacjaFunkcjonalnościDropDownSelektor_Nazwa_Tops_M"/>
      </group> <!-- master -->
    </groups>
    <test started-at="2024-11-03T11:27:49 CET" name="groupTest" finished-at="2024-11-03T11:28:10 CET" duration-ms="20182">
      <class name="testCases.TC_005_WalidacjaNazwyStronyWhatsNew">
        <test-method is-config="true" signature="setUp(java.lang.String,java.lang.String)[pri:0, instance:testCases.TC_005_WalidacjaNazwyStronyWhatsNew@3e694b3f]" started-at="2024-11-03T11:27:56 CET" name="setUp" finished-at="2024-11-03T11:27:59 CET" duration-ms="3389" status="PASS">
          <params>
            <param index="0">
              <value>
                <![CDATA[Windows 11]]>
              </value>
            </param>
            <param index="1">
              <value>
                <![CDATA[edge]]>
              </value>
            </param>
          </params>
          <reporter-output>
          </reporter-output>
        </test-method> <!-- setUp -->
        <test-method signature="WalidacjaNazwyStronyWhatsNew()[pri:0, instance:testCases.TC_005_WalidacjaNazwyStronyWhatsNew@3e694b3f]" started-at="2024-11-03T11:27:59 CET" name="WalidacjaNazwyStronyWhatsNew" finished-at="2024-11-03T11:28:00 CET" duration-ms="475" status="PASS">
          <reporter-output>
          </reporter-output>
        </test-method> <!-- WalidacjaNazwyStronyWhatsNew -->
        <test-method is-config="true" signature="close()[pri:0, instance:testCases.TC_005_WalidacjaNazwyStronyWhatsNew@3e694b3f]" started-at="2024-11-03T11:28:00 CET" name="close" finished-at="2024-11-03T11:28:00 CET" duration-ms="135" status="PASS">
          <reporter-output>
          </reporter-output>
        </test-method> <!-- close -->
      </class> <!-- testCases.TC_005_WalidacjaNazwyStronyWhatsNew -->
      <class name="testCases.TC_003_WalidacjaPoprawnejRejestracji">
        <test-method is-config="true" signature="setUp(java.lang.String,java.lang.String)[pri:0, instance:testCases.TC_003_WalidacjaPoprawnejRejestracji@4efbca5a]" started-at="2024-11-03T11:27:50 CET" name="setUp" finished-at="2024-11-03T11:27:54 CET" duration-ms="3952" status="PASS">
          <params>
            <param index="0">
              <value>
                <![CDATA[Windows 11]]>
              </value>
            </param>
            <param index="1">
              <value>
                <![CDATA[edge]]>
              </value>
            </param>
          </params>
          <reporter-output>
          </reporter-output>
        </test-method> <!-- setUp -->
        <test-method signature="WalidacjaPoprawnejRejestracji()[pri:0, instance:testCases.TC_003_WalidacjaPoprawnejRejestracji@4efbca5a]" started-at="2024-11-03T11:27:54 CET" name="WalidacjaPoprawnejRejestracji" finished-at="2024-11-03T11:27:56 CET" duration-ms="2448" status="PASS">
          <reporter-output>
          </reporter-output>
        </test-method> <!-- WalidacjaPoprawnejRejestracji -->
        <test-method is-config="true" signature="close()[pri:0, instance:testCases.TC_003_WalidacjaPoprawnejRejestracji@4efbca5a]" started-at="2024-11-03T11:27:56 CET" name="close" finished-at="2024-11-03T11:27:56 CET" duration-ms="47" status="PASS">
          <reporter-output>
          </reporter-output>
        </test-method> <!-- close -->
      </class> <!-- testCases.TC_003_WalidacjaPoprawnejRejestracji -->
      <class name="testCases.TC_204_WalidacjaFunkcjonalnościDropDownSelektor_Nazwa_Tops_M">
        <test-method is-config="true" signature="setUp(java.lang.String,java.lang.String)[pri:0, instance:testCases.TC_204_WalidacjaFunkcjonalnościDropDownSelektor_Nazwa_Tops_M@78691363]" started-at="2024-11-03T11:28:05 CET" name="setUp" finished-at="2024-11-03T11:28:09 CET" duration-ms="3297" status="PASS">
          <params>
            <param index="0">
              <value>
                <![CDATA[Windows 11]]>
              </value>
            </param>
            <param index="1">
              <value>
                <![CDATA[edge]]>
              </value>
            </param>
          </params>
          <reporter-output>
          </reporter-output>
        </test-method> <!-- setUp -->
        <test-method signature="WalidacjaFunkcjonalnościDropDownSelektor_Nazwa_Tops_M()[pri:0, instance:testCases.TC_204_WalidacjaFunkcjonalnościDropDownSelektor_Nazwa_Tops_M@78691363]" started-at="2024-11-03T11:28:09 CET" name="WalidacjaFunkcjonalnościDropDownSelektor_Nazwa_Tops_M" finished-at="2024-11-03T11:28:10 CET" duration-ms="874" status="PASS">
          <reporter-output>
          </reporter-output>
        </test-method> <!-- WalidacjaFunkcjonalnościDropDownSelektor_Nazwa_Tops_M -->
        <test-method is-config="true" signature="close()[pri:0, instance:testCases.TC_204_WalidacjaFunkcjonalnościDropDownSelektor_Nazwa_Tops_M@78691363]" started-at="2024-11-03T11:28:10 CET" name="close" finished-at="2024-11-03T11:28:10 CET" duration-ms="121" status="PASS">
          <reporter-output>
          </reporter-output>
        </test-method> <!-- close -->
      </class> <!-- testCases.TC_204_WalidacjaFunkcjonalnościDropDownSelektor_Nazwa_Tops_M -->
      <class name="testCases.TC_200_WalidacjaCheckBoxZdalnyAsystent_MyAccountPage">
        <test-method is-config="true" signature="setUp(java.lang.String,java.lang.String)[pri:0, instance:testCases.TC_200_WalidacjaCheckBoxZdalnyAsystent_MyAccountPage@1bb5a082]" started-at="2024-11-03T11:28:00 CET" name="setUp" finished-at="2024-11-03T11:28:03 CET" duration-ms="3351" status="PASS">
          <params>
            <param index="0">
              <value>
                <![CDATA[Windows 11]]>
              </value>
            </param>
            <param index="1">
              <value>
                <![CDATA[edge]]>
              </value>
            </param>
          </params>
          <reporter-output>
          </reporter-output>
        </test-method> <!-- setUp -->
        <test-method signature="WalidacjaCheckBoxZdalnyAsystent_MyAccountPage()[pri:0, instance:testCases.TC_200_WalidacjaCheckBoxZdalnyAsystent_MyAccountPage@1bb5a082]" started-at="2024-11-03T11:28:03 CET" name="WalidacjaCheckBoxZdalnyAsystent_MyAccountPage" finished-at="2024-11-03T11:28:05 CET" duration-ms="1794" status="PASS">
          <reporter-output>
          </reporter-output>
        </test-method> <!-- WalidacjaCheckBoxZdalnyAsystent_MyAccountPage -->
        <test-method is-config="true" signature="close()[pri:0, instance:testCases.TC_200_WalidacjaCheckBoxZdalnyAsystent_MyAccountPage@1bb5a082]" started-at="2024-11-03T11:28:05 CET" name="close" finished-at="2024-11-03T11:28:05 CET" duration-ms="128" status="PASS">
          <reporter-output>
          </reporter-output>
        </test-method> <!-- close -->
      </class> <!-- testCases.TC_200_WalidacjaCheckBoxZdalnyAsystent_MyAccountPage -->
    </test> <!-- groupTest -->
  </suite> <!-- groups -->
</testng-results>
