<?xml version="1.0" encoding="UTF-8"?>
<testng-results ignored="0" total="4" passed="3" failed="1" skipped="0">
  <reporter-output>
  </reporter-output>
  <suite started-at="2024-11-01T13:08:05 CET" name="groups" finished-at="2024-11-01T13:08:24 CET" duration-ms="19683">
    <groups>
      <group name="functional">
        <method signature="TC_005_WalidacjaNazwyStronyWhatsNew.WalidacjaNazwyStronyWhatsNew()[pri:0, instance:testCases.TC_005_WalidacjaNazwyStronyWhatsNew@3f6f6701]" name="WalidacjaNazwyStronyWhatsNew" class="testCases.TC_005_WalidacjaNazwyStronyWhatsNew"/>
        <method signature="TC_200_WalidacjaCheckBoxZdalnyAsystent_MyAccountPage.WalidacjaCheckBoxZdalnyAsystent_MyAccountPage()[pri:0, instance:testCases.TC_200_WalidacjaCheckBoxZdalnyAsystent_MyAccountPage@3527942a]" name="WalidacjaCheckBoxZdalnyAsystent_MyAccountPage" class="testCases.TC_200_WalidacjaCheckBoxZdalnyAsystent_MyAccountPage"/>
        <method signature="TC_204_WalidacjaFunkcjonalnościDropDownSelektor_Nazwa_Tops_M.WalidacjaFunkcjonalnościDropDownSelektor_Nazwa_Tops_M()[pri:0, instance:testCases.TC_204_WalidacjaFunkcjonalnościDropDownSelektor_Nazwa_Tops_M@942a29c]" name="WalidacjaFunkcjonalnościDropDownSelektor_Nazwa_Tops_M" class="testCases.TC_204_WalidacjaFunkcjonalnościDropDownSelektor_Nazwa_Tops_M"/>
      </group> <!-- functional -->
      <group name="regression">
        <method signature="TC_200_WalidacjaCheckBoxZdalnyAsystent_MyAccountPage.WalidacjaCheckBoxZdalnyAsystent_MyAccountPage()[pri:0, instance:testCases.TC_200_WalidacjaCheckBoxZdalnyAsystent_MyAccountPage@3527942a]" name="WalidacjaCheckBoxZdalnyAsystent_MyAccountPage" class="testCases.TC_200_WalidacjaCheckBoxZdalnyAsystent_MyAccountPage"/>
        <method signature="TC_204_WalidacjaFunkcjonalnościDropDownSelektor_Nazwa_Tops_M.WalidacjaFunkcjonalnościDropDownSelektor_Nazwa_Tops_M()[pri:0, instance:testCases.TC_204_WalidacjaFunkcjonalnościDropDownSelektor_Nazwa_Tops_M@942a29c]" name="WalidacjaFunkcjonalnościDropDownSelektor_Nazwa_Tops_M" class="testCases.TC_204_WalidacjaFunkcjonalnościDropDownSelektor_Nazwa_Tops_M"/>
      </group> <!-- regression -->
      <group name="sanity">
        <method signature="TC_003_WalidacjaPoprawnejRejestracji.WalidacjaPoprawnejRejestracji()[pri:0, instance:testCases.TC_003_WalidacjaPoprawnejRejestracji@54bff557]" name="WalidacjaPoprawnejRejestracji" class="testCases.TC_003_WalidacjaPoprawnejRejestracji"/>
      </group> <!-- sanity -->
      <group name="master">
        <method signature="TC_003_WalidacjaPoprawnejRejestracji.WalidacjaPoprawnejRejestracji()[pri:0, instance:testCases.TC_003_WalidacjaPoprawnejRejestracji@54bff557]" name="WalidacjaPoprawnejRejestracji" class="testCases.TC_003_WalidacjaPoprawnejRejestracji"/>
        <method signature="TC_005_WalidacjaNazwyStronyWhatsNew.WalidacjaNazwyStronyWhatsNew()[pri:0, instance:testCases.TC_005_WalidacjaNazwyStronyWhatsNew@3f6f6701]" name="WalidacjaNazwyStronyWhatsNew" class="testCases.TC_005_WalidacjaNazwyStronyWhatsNew"/>
        <method signature="TC_200_WalidacjaCheckBoxZdalnyAsystent_MyAccountPage.WalidacjaCheckBoxZdalnyAsystent_MyAccountPage()[pri:0, instance:testCases.TC_200_WalidacjaCheckBoxZdalnyAsystent_MyAccountPage@3527942a]" name="WalidacjaCheckBoxZdalnyAsystent_MyAccountPage" class="testCases.TC_200_WalidacjaCheckBoxZdalnyAsystent_MyAccountPage"/>
        <method signature="TC_204_WalidacjaFunkcjonalnościDropDownSelektor_Nazwa_Tops_M.WalidacjaFunkcjonalnościDropDownSelektor_Nazwa_Tops_M()[pri:0, instance:testCases.TC_204_WalidacjaFunkcjonalnościDropDownSelektor_Nazwa_Tops_M@942a29c]" name="WalidacjaFunkcjonalnościDropDownSelektor_Nazwa_Tops_M" class="testCases.TC_204_WalidacjaFunkcjonalnościDropDownSelektor_Nazwa_Tops_M"/>
      </group> <!-- master -->
    </groups>
    <test started-at="2024-11-01T13:08:05 CET" name="groupTest" finished-at="2024-11-01T13:08:24 CET" duration-ms="19683">
      <class name="testCases.TC_005_WalidacjaNazwyStronyWhatsNew">
        <test-method is-config="true" signature="setUp(java.lang.String,java.lang.String)[pri:0, instance:testCases.TC_005_WalidacjaNazwyStronyWhatsNew@3f6f6701]" started-at="2024-11-01T13:08:11 CET" name="setUp" finished-at="2024-11-01T13:08:14 CET" duration-ms="3451" status="PASS">
          <params>
            <param index="0">
              <value>
                <![CDATA[Windows 11]]>
              </value>
            </param>
            <param index="1">
              <value>
                <![CDATA[edge]]>
              </value>
            </param>
          </params>
          <reporter-output>
          </reporter-output>
        </test-method> <!-- setUp -->
        <test-method signature="WalidacjaNazwyStronyWhatsNew()[pri:0, instance:testCases.TC_005_WalidacjaNazwyStronyWhatsNew@3f6f6701]" started-at="2024-11-01T13:08:14 CET" name="WalidacjaNazwyStronyWhatsNew" finished-at="2024-11-01T13:08:15 CET" duration-ms="424" status="PASS">
          <reporter-output>
          </reporter-output>
        </test-method> <!-- WalidacjaNazwyStronyWhatsNew -->
        <test-method is-config="true" signature="close()[pri:0, instance:testCases.TC_005_WalidacjaNazwyStronyWhatsNew@3f6f6701]" started-at="2024-11-01T13:08:15 CET" name="close" finished-at="2024-11-01T13:08:15 CET" duration-ms="118" status="PASS">
          <reporter-output>
          </reporter-output>
        </test-method> <!-- close -->
      </class> <!-- testCases.TC_005_WalidacjaNazwyStronyWhatsNew -->
      <class name="testCases.TC_003_WalidacjaPoprawnejRejestracji">
        <test-method is-config="true" signature="setUp(java.lang.String,java.lang.String)[pri:0, instance:testCases.TC_003_WalidacjaPoprawnejRejestracji@54bff557]" started-at="2024-11-01T13:08:05 CET" name="setUp" finished-at="2024-11-01T13:08:09 CET" duration-ms="3966" status="PASS">
          <params>
            <param index="0">
              <value>
                <![CDATA[Windows 11]]>
              </value>
            </param>
            <param index="1">
              <value>
                <![CDATA[edge]]>
              </value>
            </param>
          </params>
          <reporter-output>
          </reporter-output>
        </test-method> <!-- setUp -->
        <test-method signature="WalidacjaPoprawnejRejestracji()[pri:0, instance:testCases.TC_003_WalidacjaPoprawnejRejestracji@54bff557]" started-at="2024-11-01T13:08:09 CET" name="WalidacjaPoprawnejRejestracji" finished-at="2024-11-01T13:08:10 CET" duration-ms="1706" status="FAIL">
          <exception class="java.lang.AssertionError">
            <message>
              <![CDATA[null]]>
            </message>
            <full-stacktrace>
              <![CDATA[java.lang.AssertionError: null
at org.testng.Assert.fail(Assert.java:99)
at org.testng.Assert.fail(Assert.java:106)
at testCases.TC_003_WalidacjaPoprawnejRejestracji.WalidacjaPoprawnejRejestracji(TC_003_WalidacjaPoprawnejRejestracji.java:41)
at java.base/jdk.internal.reflect.NativeMethodAccessorImpl.invoke0(Native Method)
at java.base/jdk.internal.reflect.NativeMethodAccessorImpl.invoke(NativeMethodAccessorImpl.java:77)
at java.base/jdk.internal.reflect.DelegatingMethodAccessorImpl.invoke(DelegatingMethodAccessorImpl.java:43)
at java.base/java.lang.reflect.Method.invoke(Method.java:568)
at org.testng.internal.MethodInvocationHelper.invokeMethod(MethodInvocationHelper.java:133)
at org.testng.internal.TestInvoker.invokeMethod(TestInvoker.java:598)
at org.testng.internal.TestInvoker.invokeTestMethod(TestInvoker.java:173)
at org.testng.internal.MethodRunner.runInSequence(MethodRunner.java:46)
at org.testng.internal.TestInvoker$MethodInvocationAgent.invoke(TestInvoker.java:824)
at org.testng.internal.TestInvoker.invokeTestMethods(TestInvoker.java:146)
at org.testng.internal.TestMethodWorker.invokeTestMethods(TestMethodWorker.java:146)
at org.testng.internal.TestMethodWorker.run(TestMethodWorker.java:128)
at java.base/java.util.ArrayList.forEach(ArrayList.java:1511)
at org.testng.TestRunner.privateRun(TestRunner.java:794)
at org.testng.TestRunner.run(TestRunner.java:596)
at org.testng.SuiteRunner.runTest(SuiteRunner.java:377)
at org.testng.SuiteRunner.runSequentially(SuiteRunner.java:371)
at org.testng.SuiteRunner.privateRun(SuiteRunner.java:332)
at org.testng.SuiteRunner.run(SuiteRunner.java:276)
at org.testng.SuiteRunnerWorker.runSuite(SuiteRunnerWorker.java:53)
at org.testng.SuiteRunnerWorker.run(SuiteRunnerWorker.java:96)
at org.testng.TestNG.runSuitesSequentially(TestNG.java:1212)
at org.testng.TestNG.runSuitesLocally(TestNG.java:1134)
at org.testng.TestNG.runSuites(TestNG.java:1063)
at org.testng.TestNG.run(TestNG.java:1031)
at org.testng.remote.AbstractRemoteTestNG.run(AbstractRemoteTestNG.java:115)
at org.testng.remote.RemoteTestNG.initAndRun(RemoteTestNG.java:293)
at org.testng.remote.RemoteTestNG.main(RemoteTestNG.java:91)
]]>
            </full-stacktrace>
          </exception> <!-- java.lang.AssertionError -->
          <reporter-output>
          </reporter-output>
        </test-method> <!-- WalidacjaPoprawnejRejestracji -->
        <test-method is-config="true" signature="close()[pri:0, instance:testCases.TC_003_WalidacjaPoprawnejRejestracji@54bff557]" started-at="2024-11-01T13:08:11 CET" name="close" finished-at="2024-11-01T13:08:11 CET" duration-ms="129" status="PASS">
          <reporter-output>
          </reporter-output>
        </test-method> <!-- close -->
      </class> <!-- testCases.TC_003_WalidacjaPoprawnejRejestracji -->
      <class name="testCases.TC_204_WalidacjaFunkcjonalnościDropDownSelektor_Nazwa_Tops_M">
        <test-method is-config="true" signature="setUp(java.lang.String,java.lang.String)[pri:0, instance:testCases.TC_204_WalidacjaFunkcjonalnościDropDownSelektor_Nazwa_Tops_M@942a29c]" started-at="2024-11-01T13:08:20 CET" name="setUp" finished-at="2024-11-01T13:08:23 CET" duration-ms="3270" status="PASS">
          <params>
            <param index="0">
              <value>
                <![CDATA[Windows 11]]>
              </value>
            </param>
            <param index="1">
              <value>
                <![CDATA[edge]]>
              </value>
            </param>
          </params>
          <reporter-output>
          </reporter-output>
        </test-method> <!-- setUp -->
        <test-method signature="WalidacjaFunkcjonalnościDropDownSelektor_Nazwa_Tops_M()[pri:0, instance:testCases.TC_204_WalidacjaFunkcjonalnościDropDownSelektor_Nazwa_Tops_M@942a29c]" started-at="2024-11-01T13:08:23 CET" name="WalidacjaFunkcjonalnościDropDownSelektor_Nazwa_Tops_M" finished-at="2024-11-01T13:08:24 CET" duration-ms="862" status="PASS">
          <reporter-output>
          </reporter-output>
        </test-method> <!-- WalidacjaFunkcjonalnościDropDownSelektor_Nazwa_Tops_M -->
        <test-method is-config="true" signature="close()[pri:0, instance:testCases.TC_204_WalidacjaFunkcjonalnościDropDownSelektor_Nazwa_Tops_M@942a29c]" started-at="2024-11-01T13:08:24 CET" name="close" finished-at="2024-11-01T13:08:24 CET" duration-ms="119" status="PASS">
          <reporter-output>
          </reporter-output>
        </test-method> <!-- close -->
      </class> <!-- testCases.TC_204_WalidacjaFunkcjonalnościDropDownSelektor_Nazwa_Tops_M -->
      <class name="testCases.TC_200_WalidacjaCheckBoxZdalnyAsystent_MyAccountPage">
        <test-method is-config="true" signature="setUp(java.lang.String,java.lang.String)[pri:0, instance:testCases.TC_200_WalidacjaCheckBoxZdalnyAsystent_MyAccountPage@3527942a]" started-at="2024-11-01T13:08:15 CET" name="setUp" finished-at="2024-11-01T13:08:18 CET" duration-ms="3480" status="PASS">
          <params>
            <param index="0">
              <value>
                <![CDATA[Windows 11]]>
              </value>
            </param>
            <param index="1">
              <value>
                <![CDATA[edge]]>
              </value>
            </param>
          </params>
          <reporter-output>
          </reporter-output>
        </test-method> <!-- setUp -->
        <test-method signature="WalidacjaCheckBoxZdalnyAsystent_MyAccountPage()[pri:0, instance:testCases.TC_200_WalidacjaCheckBoxZdalnyAsystent_MyAccountPage@3527942a]" started-at="2024-11-01T13:08:18 CET" name="WalidacjaCheckBoxZdalnyAsystent_MyAccountPage" finished-at="2024-11-01T13:08:20 CET" duration-ms="1692" status="PASS">
          <reporter-output>
          </reporter-output>
        </test-method> <!-- WalidacjaCheckBoxZdalnyAsystent_MyAccountPage -->
        <test-method is-config="true" signature="close()[pri:0, instance:testCases.TC_200_WalidacjaCheckBoxZdalnyAsystent_MyAccountPage@3527942a]" started-at="2024-11-01T13:08:20 CET" name="close" finished-at="2024-11-01T13:08:20 CET" duration-ms="115" status="PASS">
          <reporter-output>
          </reporter-output>
        </test-method> <!-- close -->
      </class> <!-- testCases.TC_200_WalidacjaCheckBoxZdalnyAsystent_MyAccountPage -->
    </test> <!-- groupTest -->
  </suite> <!-- groups -->
</testng-results>
