<?xml version="1.0" encoding="UTF-8"?>
<testng-results ignored="0" total="1" passed="1" failed="0" skipped="0">
  <reporter-output>
  </reporter-output>
  <suite started-at="2025-01-05T11:50:26 CET" name="Master" finished-at="2025-01-05T11:50:32 CET" duration-ms="5680">
    <groups>
      <group name="functional">
        <method signature="TC_123_ValidationOfPhoneNumberDisplay_contactPage.ValidationOfPhoneNumberDisplay_contactPage()[pri:0, instance:testCases.TC_123_ValidationOfPhoneNumberDisplay_contactPage@145f66e3]" name="ValidationOfPhoneNumberDisplay_contactPage" class="testCases.TC_123_ValidationOfPhoneNumberDisplay_contactPage"/>
      </group> <!-- functional -->
      <group name="master">
        <method signature="TC_123_ValidationOfPhoneNumberDisplay_contactPage.ValidationOfPhoneNumberDisplay_contactPage()[pri:0, instance:testCases.TC_123_ValidationOfPhoneNumberDisplay_contactPage@145f66e3]" name="ValidationOfPhoneNumberDisplay_contactPage" class="testCases.TC_123_ValidationOfPhoneNumberDisplay_contactPage"/>
      </group> <!-- master -->
    </groups>
    <test started-at="2025-01-05T11:50:26 CET" name="masterTest" finished-at="2025-01-05T11:50:32 CET" duration-ms="5680">
      <class name="testCases.TC_123_ValidationOfPhoneNumberDisplay_contactPage">
        <test-method is-config="true" signature="setUp(java.lang.String,java.lang.String)[pri:0, instance:testCases.TC_123_ValidationOfPhoneNumberDisplay_contactPage@145f66e3]" started-at="2025-01-05T11:50:26 CET" name="setUp" finished-at="2025-01-05T11:50:31 CET" duration-ms="4976" status="PASS">
          <params>
            <param index="0">
              <value>
                <![CDATA[Windows 11]]>
              </value>
            </param>
            <param index="1">
              <value>
                <![CDATA[edge]]>
              </value>
            </param>
          </params>
          <reporter-output>
          </reporter-output>
        </test-method> <!-- setUp -->
        <test-method signature="ValidationOfPhoneNumberDisplay_contactPage()[pri:0, instance:testCases.TC_123_ValidationOfPhoneNumberDisplay_contactPage@145f66e3]" started-at="2025-01-05T11:50:31 CET" name="ValidationOfPhoneNumberDisplay_contactPage" finished-at="2025-01-05T11:50:32 CET" duration-ms="358" status="PASS">
          <reporter-output>
          </reporter-output>
        </test-method> <!-- ValidationOfPhoneNumberDisplay_contactPage -->
        <test-method is-config="true" signature="close()[pri:0, instance:testCases.TC_123_ValidationOfPhoneNumberDisplay_contactPage@145f66e3]" started-at="2025-01-05T11:50:32 CET" name="close" finished-at="2025-01-05T11:50:32 CET" duration-ms="148" status="PASS">
          <reporter-output>
          </reporter-output>
        </test-method> <!-- close -->
      </class> <!-- testCases.TC_123_ValidationOfPhoneNumberDisplay_contactPage -->
    </test> <!-- masterTest -->
  </suite> <!-- Master -->
</testng-results>
