<?xml version="1.0" encoding="UTF-8"?>
<!-- Generated by org.testng.reporters.JUnitXMLReporter -->
<testsuite ignored="0" hostname="DESKTOP-FE26MCT" failures="1" tests="1" name="firefoxTest" time="18.746" errors="0" timestamp="2024-08-15T16:54:44 CEST">
  <testcase classname="testCases.TC_001_PoprawneLogowanie" name="logowanie" time="11.081">
    <failure type="java.lang.AssertionError" message="null">
      <![CDATA[java.lang.AssertionError: null
at testCases.TC_001_PoprawneLogowanie.logowanie(TC_001_PoprawneLogowanie.java:34)
at java.base/java.util.ArrayList.forEach(ArrayList.java:1511)
at java.base/java.util.concurrent.FutureTask.run(FutureTask.java:264)
at java.base/java.util.concurrent.ThreadPoolExecutor.runWorker(ThreadPoolExecutor.java:1136)
at java.base/java.util.concurrent.ThreadPoolExecutor$Worker.run(ThreadPoolExecutor.java:635)
at java.base/java.lang.Thread.run(Thread.java:840)
... Removed 20 stack frames]]>
    </failure>
  </testcase> <!-- logowanie -->
</testsuite> <!-- firefoxTest -->
