<?xml version="1.0" encoding="UTF-8"?>
<!-- Generated by org.testng.reporters.JUnitXMLReporter -->
<testsuite ignored="0" hostname="DESKTOP-5OD0AA6" failures="0" tests="18" name="masterTest" time="274.724" errors="0" timestamp="2024-11-08T07:30:18 CET">
  <testcase classname="testCases.TC_004_WalidacjaNiepoprawnegoLogowania_TDD" name="WalidacjaLogowania_TDD" time="11.831"/>
  <testcase classname="testCases.TC_004_WalidacjaNiepoprawnegoLogowania_TDD" name="WalidacjaLogowania_TDD" time="10.839"/>
  <testcase classname="testCases.TC_004_WalidacjaNiepoprawnegoLogowania_TDD" name="WalidacjaLogowania_TDD" time="11.051"/>
  <testcase classname="testCases.TC_004_WalidacjaNiepoprawnegoLogowania_TDD" name="WalidacjaLogowania_TDD" time="10.815"/>
  <testcase classname="testCases.TC_004_WalidacjaNiepoprawnegoLogowania_TDD" name="WalidacjaLogowania_TDD" time="10.969"/>
  <testcase classname="testCases.TC_004_WalidacjaNiepoprawnegoLogowania_TDD" name="WalidacjaLogowania_TDD" time="10.874"/>
  <testcase classname="testCases.TC_004_WalidacjaNiepoprawnegoLogowania_TDD" name="WalidacjaLogowania_TDD" time="11.317"/>
  <testcase classname="testCases.TC_004_WalidacjaNiepoprawnegoLogowania_TDD" name="WalidacjaLogowania_TDD" time="11.193"/>
  <testcase classname="testCases.TC_004_WalidacjaNiepoprawnegoLogowania_TDD" name="WalidacjaLogowania_TDD" time="11.074"/>
  <testcase classname="testCases.TC_004_WalidacjaNiepoprawnegoLogowania_TDD" name="WalidacjaLogowania_TDD" time="11.086"/>
  <testcase classname="testCases.TC_004_WalidacjaNiepoprawnegoLogowania_TDD" name="WalidacjaLogowania_TDD" time="11.074"/>
  <testcase classname="testCases.TC_004_WalidacjaNiepoprawnegoLogowania_TDD" name="WalidacjaLogowania_TDD" time="11.038"/>
  <testcase classname="testCases.TC_004_WalidacjaNiepoprawnegoLogowania_TDD" name="WalidacjaLogowania_TDD" time="11.064"/>
  <testcase classname="testCases.TC_004_WalidacjaNiepoprawnegoLogowania_TDD" name="WalidacjaLogowania_TDD" time="11.154"/>
  <testcase classname="testCases.TC_004_WalidacjaNiepoprawnegoLogowania_TDD" name="WalidacjaLogowania_TDD" time="11.088"/>
  <testcase classname="testCases.TC_004_WalidacjaNiepoprawnegoLogowania_TDD" name="WalidacjaLogowania_TDD" time="11.037"/>
  <testcase classname="testCases.TC_004_WalidacjaNiepoprawnegoLogowania_TDD" name="WalidacjaLogowania_TDD" time="11.061"/>
  <testcase classname="testCases.TC_004_WalidacjaNiepoprawnegoLogowania_TDD" name="WalidacjaLogowania_TDD" time="11.149"/>
</testsuite> <!-- masterTest -->
