<?xml version="1.0" encoding="UTF-8"?>
<!-- Generated by org.testng.reporters.JUnitXMLReporter -->
<testsuite ignored="0" hostname="DESKTOP-FE26MCT" failures="1" tests="1" name="Test" time="16.41" errors="0" timestamp="2024-08-15T13:15:04 CEST">
  <testcase classname="testCases.TC_001_PoprawneLogowanie" name="logowanie" time="11.104">
    <failure type="java.lang.AssertionError" message="null">
      <![CDATA[java.lang.AssertionError: null
at testCases.TC_001_PoprawneLogowanie.logowanie(TC_001_PoprawneLogowanie.java:29)
at java.base/java.util.ArrayList.forEach(ArrayList.java:1511)
... Removed 29 stack frames]]>
    </failure>
  </testcase> <!-- logowanie -->
</testsuite> <!-- Test -->
