<?xml version="1.0" encoding="UTF-8"?>
<!-- Generated by org.testng.reporters.JUnitReportReporter -->
<testsuite hostname="DESKTOP-5OD0AA6" failures="0" tests="1" name="testCases.TC_177_WalidacjaLinkuZobaczWszystkieWOstnioZamówione_MyAccountPage" time="9.393" errors="0" timestamp="2024-09-25T09:12:51 CEST" skipped="0">
  <testcase classname="testCases.TC_177_WalidacjaLinkuZobaczWszystkieWOstnioZamówione_MyAccountPage" name="WalidacjaLinkuZobaczWszystkieWOstnioZamówione_MyAccountPage" time="9.393"/>
  <system-out/>
</testsuite> <!-- testCases.TC_177_WalidacjaLinkuZobaczWszystkieWOstnioZamówione_MyAccountPage -->
